2520
3
4
5
7
8
9
11
17640
3
4
5
7
8
9
11
32760
3
4
5
7
8
9
11
47880
3
4
5
7
8
9
11
63000
3
4
5
7
8
9
11
78120
3
4
5
7
8
9
11
93240
3
4
5
7
8
9
11
108360
3
4
5
7
8
9
11
123480
3
4
5
7
8
9
11
13
141120
3
4
5
7
8
9
11
156240
3
4
5
7
8
9
11
171360
3
4
5
7
8
9
11
186480
3
4
5
7
8
9
11
201600
3
4
5
7
8
9
11
216720
3
4
5
7
8
9
11
231840
3
4
5
7
8
9
11
246960
3
4
5
7
8
9
11
262080
3
4
5
7
8
9
11
13
279720
3
4
5
7
8
9
11
294840
3
4
5
7
8
9
11
309960
3
4
5
7
8
9
11
325080
3
4
5
7
8
9
11
340200
3
4
5
7
8
9
11
355320
3
4
5
7
8
9
11
370440
3
4
5
7
8
9
11
385560
3
4
5
7
8
9
11
400680
3
4
5
7
8
9
11
13
418320
3
4
5
7
8
9
11
433440
3
4
5
7
8
9
11
448560
3
4
5
7
8
9
11
463680
3
4
5
7
8
9
11
478800
3
4
5
7
8
9
11
493920
3
4
5
7
8
9
11
509040
3
4
5
7
8
9
11
524160
3
4
5
7
8
9
11
539280
3
4
5
7
8
9
11
13
16
17
561960
3
4
5
7
8
9
11
577080
3
4
5
7
8
9
11
592200
3
4
5
7
8
9
11
607320
3
4
5
7
8
9
11
622440
3
4
5
7
8
9
11
13
640080
3
4
5
7
8
9
11
655200
3
4
5
7
8
9
11
670320
3
4
5
7
8
9
11
685440
3
4
5
7
8
9
11
700560
3
4
5
7
8
9
11
715680
3
4
5
7
8
9
11
730800
3
4
5
7
8
9
11
745920
3
4
5
7
8
9
11
761040
3
4
5
7
8
9
11
13
778680
3
4
5
7
8
9
11
793800
3
4
5
7
8
9
11
808920
3
4
5
7
8
9
11
824040
3
4
5
7
8
9
11
839160
3
4
5
7
8
9
11
854280
3
4
5
7
8
9
11
869400
3
4
5
7
8
9
11
884520
3
4
5
7
8
9
11
899640
3
4
5
7
8
9
11
13
16
919800
3
4
5
7
8
9
11
934920
3
4
5
7
8
9
11
950040
3
4
5
7
8
9
11
965160
3
4
5
7
8
9
11
980280
3
4
5
7
8
9
11
995400
3
4
5
7
8
9
11
1010520
3
4
5
7
8
9
11
13
1028160
3
4
5
7
8
9
11
1043280
3
4
5
7
8
9
11
1058400
3
4
5
7
8
9
11
1073520
3
4
5
7
8
9
11
1088640
3
4
5
7
8
9
11
1103760
3
4
5
7
8
9
11
1118880
3
4
5
7
8
9
11
1134000
3
4
5
7
8
9
11
1149120
3
4
5
7
8
9
11
13
1166760
3
4
5
7
8
9
11
1181880
3
4
5
7
8
9
11
1197000
3
4
5
7
8
9
11
1212120
3
4
5
7
8
9
11
1227240
3
4
5
7
8
9
11
1242360
3
4
5
7
8
9
11
1257480
3
4
5
7
8
9
11
1272600
3
4
5
7
8
9
11
1287720
3
4
5
7
8
9
11
13
1305360
3
4
5
7
8
9
11
1320480
3
4
5
7
8
9
11
1335600
3
4
5
7
8
9
11
1350720
3
4
5
7
8
9
11
1365840
3
4
5
7
8
9
11
1380960
3
4
5
7
8
9
11
1396080
3
4
5
7
8
9
11
1411200
3
4
5
7
8
9
11
1426320
3
4
5
7
8
9
11
13
1443960
3
4
5
7
8
9
11
1459080
3
4
5
7
8
9
11
1474200
3
4
5
7
8
9
11
1489320
3
4
5
7
8
9
11
1504440
3
4
5
7
8
9
11
1519560
3
4
5
7
8
9
11
1534680
3
4
5
7
8
9
11
1549800
3
4
5
7
8
9
11
1564920
3
4
5
7
8
9
11
13
1582560
3
4
5
7
8
9
11
1597680
3
4
5
7
8
9
11
1612800
3
4
5
7
8
9
11
1627920
3
4
5
7
8
9
11
1643040
3
4
5
7
8
9
11
1658160
3
4
5
7
8
9
11
1673280
3
4
5
7
8
9
11
1688400
3
4
5
7
8
9
11
1703520
3
4
5
7
8
9
11
13
1721160
3
4
5
7
8
9
11
1736280
3
4
5
7
8
9
11
1751400
3
4
5
7
8
9
11
1766520
3
4
5
7
8
9
11
1781640
3
4
5
7
8
9
11
1796760
3
4
5
7
8
9
11
1811880
3
4
5
7
8
9
11
1827000
3
4
5
7
8
9
11
1842120
3
4
5
7
8
9
11
13
1859760
3
4
5
7
8
9
11
1874880
3
4
5
7
8
9
11
1890000
3
4
5
7
8
9
11
1905120
3
4
5
7
8
9
11
1920240
3
4
5
7
8
9
11
1935360
3
4
5
7
8
9
11
1950480
3
4
5
7
8
9
11
1965600
3
4
5
7
8
9
11
1980720
3
4
5
7
8
9
11
13
16
17
2003400
3
4
5
7
8
9
11
2018520
3
4
5
7
8
9
11
2033640
3
4
5
7
8
9
11
2048760
3
4
5
7
8
9
11
2063880
3
4
5
7
8
9
11
13
2081520
3
4
5
7
8
9
11
2096640
3
4
5
7
8
9
11
2111760
3
4
5
7
8
9
11
2126880
3
4
5
7
8
9
11
2142000
3
4
5
7
8
9
11
2157120
3
4
5
7
8
9
11
2172240
3
4
5
7
8
9
11
2187360
3
4
5
7
8
9
11
2202480
3
4
5
7
8
9
11
13
2220120
3
4
5
7
8
9
11
2235240
3
4
5
7
8
9
11
2250360
3
4
5
7
8
9
11
2265480
3
4
5
7
8
9
11
2280600
3
4
5
7
8
9
11
2295720
3
4
5
7
8
9
11
2310840
3
4
5
7
8
9
11
2325960
3
4
5
7
8
9
11
2341080
3
4
5
7
8
9
11
13
16
2361240
3
4
5
7
8
9
11
2376360
3
4
5
7
8
9
11
2391480
3
4
5
7
8
9
11
2406600
3
4
5
7
8
9
11
2421720
3
4
5
7
8
9
11
2436840
3
4
5
7
8
9
11
2451960
3
4
5
7
8
9
11
13
2469600
3
4
5
7
8
9
11
2484720
3
4
5
7
8
9
11
2499840
3
4
5
7
8
9
11
2514960
3
4
5
7
8
9
11
2530080
3
4
5
7
8
9
11
2545200
3
4
5
7
8
9
11
2560320
3
4
5
7
8
9
11
2575440
3
4
5
7
8
9
11
2590560
3
4
5
7
8
9
11
13
2608200
3
4
5
7
8
9
11
2623320
3
4
5
7
8
9
11
2638440
3
4
5
7
8
9
11
2653560
3
4
5
7
8
9
11
2668680
3
4
5
7
8
9
11
2683800
3
4
5
7
8
9
11
2698920
3
4
5
7
8
9
11
2714040
3
4
5
7
8
9
11
2729160
3
4
5
7
8
9
11
13
2746800
3
4
5
7
8
9
11
2761920
3
4
5
7
8
9
11
2777040
3
4
5
7
8
9
11
2792160
3
4
5
7
8
9
11
2807280
3
4
5
7
8
9
11
2822400
3
4
5
7
8
9
11
2837520
3
4
5
7
8
9
11
2852640
3
4
5
7
8
9
11
2867760
3
4
5
7
8
9
11
13
2885400
3
4
5
7
8
9
11
2900520
3
4
5
7
8
9
11
2915640
3
4
5
7
8
9
11
2930760
3
4
5
7
8
9
11
2945880
3
4
5
7
8
9
11
2961000
3
4
5
7
8
9
11
2976120
3
4
5
7
8
9
11
2991240
3
4
5
7
8
9
11
3006360
3
4
5
7
8
9
11
13
3024000
3
4
5
7
8
9
11
3039120
3
4
5
7
8
9
11
3054240
3
4
5
7
8
9
11
3069360
3
4
5
7
8
9
11
3084480
3
4
5
7
8
9
11
3099600
3
4
5
7
8
9
11
3114720
3
4
5
7
8
9
11
3129840
3
4
5
7
8
9
11
3144960
3
4
5
7
8
9
11
13
3162600
3
4
5
7
8
9
11
3177720
3
4
5
7
8
9
11
3192840
3
4
5
7
8
9
11
3207960
3
4
5
7
8
9
11
3223080
3
4
5
7
8
9
11
3238200
3
4
5
7
8
9
11
3253320
3
4
5
7
8
9
11
3268440
3
4
5
7
8
9
11
3283560
3
4
5
7
8
9
11
13
3301200
3
4
5
7
8
9
11
3316320
3
4
5
7
8
9
11
3331440
3
4
5
7
8
9
11
3346560
3
4
5
7
8
9
11
3361680
3
4
5
7
8
9
11
3376800
3
4
5
7
8
9
11
3391920
3
4
5
7
8
9
11
3407040
3
4
5
7
8
9
11
3422160
3
4
5
7
8
9
11
13
16
17
3444840
3
4
5
7
8
9
11
3459960
3
4
5
7
8
9
11
3475080
3
4
5
7
8
9
11
3490200
3
4
5
7
8
9
11
3505320
3
4
5
7
8
9
11
13
3522960
3
4
5
7
8
9
11
3538080
3
4
5
7
8
9
11
3553200
3
4
5
7
8
9
11
3568320
3
4
5
7
8
9
11
3583440
3
4
5
7
8
9
11
3598560
3
4
5
7
8
9
11
3613680
3
4
5
7
8
9
11
3628800
3
4
5
7
8
9
11
3643920
3
4
5
7
8
9
11
13
3661560
3
4
5
7
8
9
11
3676680
3
4
5
7
8
9
11
3691800
3
4
5
7
8
9
11
3706920
3
4
5
7
8
9
11
3722040
3
4
5
7
8
9
11
3737160
3
4
5
7
8
9
11
3752280
3
4
5
7
8
9
11
3767400
3
4
5
7
8
9
11
3782520
3
4
5
7
8
9
11
13
16
3802680
3
4
5
7
8
9
11
3817800
3
4
5
7
8
9
11
3832920
3
4
5
7
8
9
11
3848040
3
4
5
7
8
9
11
3863160
3
4
5
7
8
9
11
3878280
3
4
5
7
8
9
11
3893400
3
4
5
7
8
9
11
13
3911040
3
4
5
7
8
9
11
3926160
3
4
5
7
8
9
11
3941280
3
4
5
7
8
9
11
3956400
3
4
5
7
8
9
11
3971520
3
4
5
7
8
9
11
3986640
3
4
5
7
8
9
11
4001760
3
4
5
7
8
9
11
4016880
3
4
5
7
8
9
11
4032000
3
4
5
7
8
9
11
13
4049640
3
4
5
7
8
9
11
4064760
3
4
5
7
8
9
11
4079880
3
4
5
7
8
9
11
4095000
3
4
5
7
8
9
11
4110120
3
4
5
7
8
9
11
4125240
3
4
5
7
8
9
11
4140360
3
4
5
7
8
9
11
4155480
3
4
5
7
8
9
11
4170600
3
4
5
7
8
9
11
13
4188240
3
4
5
7
8
9
11
4203360
3
4
5
7
8
9
11
4218480
3
4
5
7
8
9
11
4233600
3
4
5
7
8
9
11
4248720
3
4
5
7
8
9
11
4263840
3
4
5
7
8
9
11
4278960
3
4
5
7
8
9
11
4294080
3
4
5
7
8
9
11
4309200
3
4
5
7
8
9
11
13
4326840
3
4
5
7
8
9
11
4341960
3
4
5
7
8
9
11
4357080
3
4
5
7
8
9
11
4372200
3
4
5
7
8
9
11
4387320
3
4
5
7
8
9
11
4402440
3
4
5
7
8
9
11
4417560
3
4
5
7
8
9
11
4432680
3
4
5
7
8
9
11
4447800
3
4
5
7
8
9
11
13
4465440
3
4
5
7
8
9
11
4480560
3
4
5
7
8
9
11
4495680
3
4
5
7
8
9
11
4510800
3
4
5
7
8
9
11
4525920
3
4
5
7
8
9
11
4541040
3
4
5
7
8
9
11
4556160
3
4
5
7
8
9
11
4571280
3
4
5
7
8
9
11
4586400
3
4
5
7
8
9
11
13
4604040
3
4
5
7
8
9
11
4619160
3
4
5
7
8
9
11
4634280
3
4
5
7
8
9
11
4649400
3
4
5
7
8
9
11
4664520
3
4
5
7
8
9
11
4679640
3
4
5
7
8
9
11
4694760
3
4
5
7
8
9
11
4709880
3
4
5
7
8
9
11
4725000
3
4
5
7
8
9
11
13
4742640
3
4
5
7
8
9
11
4757760
3
4
5
7
8
9
11
4772880
3
4
5
7
8
9
11
4788000
3
4
5
7
8
9
11
4803120
3
4
5
7
8
9
11
4818240
3
4
5
7
8
9
11
4833360
3
4
5
7
8
9
11
4848480
3
4
5
7
8
9
11
4863600
3
4
5
7
8
9
11
13
16
17
4886280
3
4
5
7
8
9
11
4901400
3
4
5
7
8
9
11
4916520
3
4
5
7
8
9
11
4931640
3
4
5
7
8
9
11
4946760
3
4
5
7
8
9
11
13
4964400
3
4
5
7
8
9
11
4979520
3
4
5
7
8
9
11
4994640
3
4
5
7
8
9
11
5009760
3
4
5
7
8
9
11
5024880
3
4
5
7
8
9
11
5040000
3
4
5
7
8
9
11
5055120
3
4
5
7
8
9
11
5070240
3
4
5
7
8
9
11
5085360
3
4
5
7
8
9
11
13
5103000
3
4
5
7
8
9
11
5118120
3
4
5
7
8
9
11
5133240
3
4
5
7
8
9
11
5148360
3
4
5
7
8
9
11
5163480
3
4
5
7
8
9
11
5178600
3
4
5
7
8
9
11
5193720
3
4
5
7
8
9
11
5208840
3
4
5
7
8
9
11
5223960
3
4
5
7
8
9
11
13
16
5244120
3
4
5
7
8
9
11
5259240
3
4
5
7
8
9
11
5274360
3
4
5
7
8
9
11
5289480
3
4
5
7
8
9
11
5304600
3
4
5
7
8
9
11
5319720
3
4
5
7
8
9
11
5334840
3
4
5
7
8
9
11
13
5352480
3
4
5
7
8
9
11
5367600
3
4
5
7
8
9
11
5382720
3
4
5
7
8
9
11
5397840
3
4
5
7
8
9
11
5412960
3
4
5
7
8
9
11
5428080
3
4
5
7
8
9
11
5443200
3
4
5
7
8
9
11
5458320
3
4
5
7
8
9
11
5473440
3
4
5
7
8
9
11
13
5491080
3
4
5
7
8
9
11
5506200
3
4
5
7
8
9
11
5521320
3
4
5
7
8
9
11
5536440
3
4
5
7
8
9
11
5551560
3
4
5
7
8
9
11
5566680
3
4
5
7
8
9
11
5581800
3
4
5
7
8
9
11
5596920
3
4
5
7
8
9
11
5612040
3
4
5
7
8
9
11
13
5629680
3
4
5
7
8
9
11
5644800
3
4
5
7
8
9
11
5659920
3
4
5
7
8
9
11
5675040
3
4
5
7
8
9
11
5690160
3
4
5
7
8
9
11
5705280
3
4
5
7
8
9
11
5720400
3
4
5
7
8
9
11
5735520
3
4
5
7
8
9
11
5750640
3
4
5
7
8
9
11
13
5768280
3
4
5
7
8
9
11
5783400
3
4
5
7
8
9
11
5798520
3
4
5
7
8
9
11
5813640
3
4
5
7
8
9
11
5828760
3
4
5
7
8
9
11
5843880
3
4
5
7
8
9
11
5859000
3
4
5
7
8
9
11
5874120
3
4
5
7
8
9
11
5889240
3
4
5
7
8
9
11
13
5906880
3
4
5
7
8
9
11
5922000
3
4
5
7
8
9
11
5937120
3
4
5
7
8
9
11
5952240
3
4
5
7
8
9
11
5967360
3
4
5
7
8
9
11
5982480
3
4
5
7
8
9
11
5997600
3
4
5
7
8
9
11
6012720
3
4
5
7
8
9
11
6027840
3
4
5
7
8
9
11
13
6045480
3
4
5
7
8
9
11
6060600
3
4
5
7
8
9
11
6075720
3
4
5
7
8
9
11
6090840
3
4
5
7
8
9
11
6105960
3
4
5
7
8
9
11
6121080
3
4
5
7
8
9
11
6136200
3
4
5
7
8
9
11
6151320
3
4
5
7
8
9
11
6166440
3
4
5
7
8
9
11
13
6184080
3
4
5
7
8
9
11
6199200
3
4
5
7
8
9
11
6214320
3
4
5
7
8
9
11
6229440
3
4
5
7
8
9
11
6244560
3
4
5
7
8
9
11
6259680
3
4
5
7
8
9
11
6274800
3
4
5
7
8
9
11
6289920
3
4
5
7
8
9
11
6305040
3
4
5
7
8
9
11
13
16
17
6327720
3
4
5
7
8
9
11
6342840
3
4
5
7
8
9
11
6357960
3
4
5
7
8
9
11
6373080
3
4
5
7
8
9
11
6388200
3
4
5
7
8
9
11
13
6405840
3
4
5
7
8
9
11
6420960
3
4
5
7
8
9
11
6436080
3
4
5
7
8
9
11
6451200
3
4
5
7
8
9
11
6466320
3
4
5
7
8
9
11
6481440
3
4
5
7
8
9
11
6496560
3
4
5
7
8
9
11
6511680
3
4
5
7
8
9
11
6526800
3
4
5
7
8
9
11
13
6544440
3
4
5
7
8
9
11
6559560
3
4
5
7
8
9
11
6574680
3
4
5
7
8
9
11
6589800
3
4
5
7
8
9
11
6604920
3
4
5
7
8
9
11
6620040
3
4
5
7
8
9
11
6635160
3
4
5
7
8
9
11
6650280
3
4
5
7
8
9
11
6665400
3
4
5
7
8
9
11
13
16
6685560
3
4
5
7
8
9
11
6700680
3
4
5
7
8
9
11
6715800
3
4
5
7
8
9
11
6730920
3
4
5
7
8
9
11
6746040
3
4
5
7
8
9
11
6761160
3
4
5
7
8
9
11
6776280
3
4
5
7
8
9
11
13
6793920
3
4
5
7
8
9
11
6809040
3
4
5
7
8
9
11
6824160
3
4
5
7
8
9
11
6839280
3
4
5
7
8
9
11
6854400
3
4
5
7
8
9
11
6869520
3
4
5
7
8
9
11
6884640
3
4
5
7
8
9
11
6899760
3
4
5
7
8
9
11
6914880
3
4
5
7
8
9
11
13
6932520
3
4
5
7
8
9
11
6947640
3
4
5
7
8
9
11
6962760
3
4
5
7
8
9
11
6977880
3
4
5
7
8
9
11
6993000
3
4
5
7
8
9
11
7008120
3
4
5
7
8
9
11
7023240
3
4
5
7
8
9
11
7038360
3
4
5
7
8
9
11
7053480
3
4
5
7
8
9
11
13
7071120
3
4
5
7
8
9
11
7086240
3
4
5
7
8
9
11
7101360
3
4
5
7
8
9
11
7116480
3
4
5
7
8
9
11
7131600
3
4
5
7
8
9
11
7146720
3
4
5
7
8
9
11
7161840
3
4
5
7
8
9
11
7176960
3
4
5
7
8
9
11
7192080
3
4
5
7
8
9
11
13
7209720
3
4
5
7
8
9
11
7224840
3
4
5
7
8
9
11
7239960
3
4
5
7
8
9
11
7255080
3
4
5
7
8
9
11
7270200
3
4
5
7
8
9
11
7285320
3
4
5
7
8
9
11
7300440
3
4
5
7
8
9
11
7315560
3
4
5
7
8
9
11
7330680
3
4
5
7
8
9
11
13
7348320
3
4
5
7
8
9
11
7363440
3
4
5
7
8
9
11
7378560
3
4
5
7
8
9
11
7393680
3
4
5
7
8
9
11
7408800
3
4
5
7
8
9
11
7423920
3
4
5
7
8
9
11
7439040
3
4
5
7
8
9
11
7454160
3
4
5
7
8
9
11
7469280
3
4
5
7
8
9
11
13
7486920
3
4
5
7
8
9
11
7502040
3
4
5
7
8
9
11
7517160
3
4
5
7
8
9
11
7532280
3
4
5
7
8
9
11
7547400
3
4
5
7
8
9
11
7562520
3
4
5
7
8
9
11
7577640
3
4
5
7
8
9
11
7592760
3
4
5
7
8
9
11
7607880
3
4
5
7
8
9
11
13
7625520
3
4
5
7
8
9
11
7640640
3
4
5
7
8
9
11
7655760
3
4
5
7
8
9
11
7670880
3
4
5
7
8
9
11
7686000
3
4
5
7
8
9
11
7701120
3
4
5
7
8
9
11
7716240
3
4
5
7
8
9
11
7731360
3
4
5
7
8
9
11
7746480
3
4
5
7
8
9
11
13
16
17
7769160
3
4
5
7
8
9
11
7784280
3
4
5
7
8
9
11
7799400
3
4
5
7
8
9
11
7814520
3
4
5
7
8
9
11
7829640
3
4
5
7
8
9
11
13
7847280
3
4
5
7
8
9
11
7862400
3
4
5
7
8
9
11
7877520
3
4
5
7
8
9
11
7892640
3
4
5
7
8
9
11
7907760
3
4
5
7
8
9
11
7922880
3
4
5
7
8
9
11
7938000
3
4
5
7
8
9
11
7953120
3
4
5
7
8
9
11
7968240
3
4
5
7
8
9
11
13
7985880
3
4
5
7
8
9
11
8001000
3
4
5
7
8
9
11
8016120
3
4
5
7
8
9
11
8031240
3
4
5
7
8
9
11
8046360
3
4
5
7
8
9
11
8061480
3
4
5
7
8
9
11
8076600
3
4
5
7
8
9
11
8091720
3
4
5
7
8
9
11
8106840
3
4
5
7
8
9
11
13
16
8127000
3
4
5
7
8
9
11
8142120
3
4
5
7
8
9
11
8157240
3
4
5
7
8
9
11
8172360
3
4
5
7
8
9
11
8187480
3
4
5
7
8
9
11
8202600
3
4
5
7
8
9
11
8217720
3
4
5
7
8
9
11
13
8235360
3
4
5
7
8
9
11
8250480
3
4
5
7
8
9
11
8265600
3
4
5
7
8
9
11
8280720
3
4
5
7
8
9
11
8295840
3
4
5
7
8
9
11
8310960
3
4
5
7
8
9
11
8326080
3
4
5
7
8
9
11
8341200
3
4
5
7
8
9
11
8356320
3
4
5
7
8
9
11
13
8373960
3
4
5
7
8
9
11
8389080
3
4
5
7
8
9
11
8404200
3
4
5
7
8
9
11
8419320
3
4
5
7
8
9
11
8434440
3
4
5
7
8
9
11
8449560
3
4
5
7
8
9
11
8464680
3
4
5
7
8
9
11
8479800
3
4
5
7
8
9
11
8494920
3
4
5
7
8
9
11
13
8512560
3
4
5
7
8
9
11
8527680
3
4
5
7
8
9
11
8542800
3
4
5
7
8
9
11
8557920
3
4
5
7
8
9
11
8573040
3
4
5
7
8
9
11
8588160
3
4
5
7
8
9
11
8603280
3
4
5
7
8
9
11
8618400
3
4
5
7
8
9
11
8633520
3
4
5
7
8
9
11
13
8651160
3
4
5
7
8
9
11
8666280
3
4
5
7
8
9
11
8681400
3
4
5
7
8
9
11
8696520
3
4
5
7
8
9
11
8711640
3
4
5
7
8
9
11
8726760
3
4
5
7
8
9
11
8741880
3
4
5
7
8
9
11
8757000
3
4
5
7
8
9
11
8772120
3
4
5
7
8
9
11
13
8789760
3
4
5
7
8
9
11
8804880
3
4
5
7
8
9
11
8820000
3
4
5
7
8
9
11
8835120
3
4
5
7
8
9
11
8850240
3
4
5
7
8
9
11
8865360
3
4
5
7
8
9
11
8880480
3
4
5
7
8
9
11
8895600
3
4
5
7
8
9
11
8910720
3
4
5
7
8
9
11
13
8928360
3
4
5
7
8
9
11
8943480
3
4
5
7
8
9
11
8958600
3
4
5
7
8
9
11
8973720
3
4
5
7
8
9
11
8988840
3
4
5
7
8
9
11
9003960
3
4
5
7
8
9
11
9019080
3
4
5
7
8
9
11
9034200
3
4
5
7
8
9
11
9049320
3
4
5
7
8
9
11
13
9066960
3
4
5
7
8
9
11
9082080
3
4
5
7
8
9
11
9097200
3
4
5
7
8
9
11
9112320
3
4
5
7
8
9
11
9127440
3
4
5
7
8
9
11
9142560
3
4
5
7
8
9
11
9157680
3
4
5
7
8
9
11
9172800
3
4
5
7
8
9
11
9187920
3
4
5
7
8
9
11
13
16
17
19
9213120
3
4
5
7
8
9
11
9228240
3
4
5
7
8
9
11
9243360
3
4
5
7
8
9
11
13
9261000
3
4
5
7
8
9
11
9276120
3
4
5
7
8
9
11
9291240
3
4
5
7
8
9
11
9306360
3
4
5
7
8
9
11
9321480
3
4
5
7
8
9
11
9336600
3
4
5
7
8
9
11
9351720
3
4
5
7
8
9
11
9366840
3
4
5
7
8
9
11
9381960
3
4
5
7
8
9
11
13
9399600
3
4
5
7
8
9
11
9414720
3
4
5
7
8
9
11
9429840
3
4
5
7
8
9
11
9444960
3
4
5
7
8
9
11
9460080
3
4
5
7
8
9
11
9475200
3
4
5
7
8
9
11
9490320
3
4
5
7
8
9
11
9505440
3
4
5
7
8
9
11
9520560
3
4
5
7
8
9
11
13
9538200
3
4
5
7
8
9
11
9553320
3
4
5
7
8
9
11
9568440
3
4
5
7
8
9
11
9583560
3
4
5
7
8
9
11
9598680
3
4
5
7
8
9
11
9613800
3
4
5
7
8
9
11
9628920
3
4
5
7
8
9
11
9644040
3
4
5
7
8
9
11
9659160
3
4
5
7
8
9
11
13
9676800
3
4
5
7
8
9
11
9691920
3
4
5
7
8
9
11
9707040
3
4
5
7
8
9
11
9722160
3
4
5
7
8
9
11
9737280
3
4
5
7
8
9
11
9752400
3
4
5
7
8
9
11
9767520
3
4
5
7
8
9
11
9782640
3
4
5
7
8
9
11
9797760
3
4
5
7
8
9
11
13
9815400
3
4
5
7
8
9
11
9830520
3
4
5
7
8
9
11
9845640
3
4
5
7
8
9
11
9860760
3
4
5
7
8
9
11
9875880
3
4
5
7
8
9
11
9891000
3
4
5
7
8
9
11
9906120
3
4
5
7
8
9
11
9921240
3
4
5
7
8
9
11
9936360
3
4
5
7
8
9
11
13
9954000
3
4
5
7
8
9
11
9969120
3
4
5
7
8
9
11
9984240
3
4
5
7
8
9
11
9999360
3
4
5
7
8
9
11
10014480
3
4
5
7
8
9
11
10029600
3
4
5
7
8
9
11
10044720
3
4
5
7
8
9
11
10059840
3
4
5
7
8
9
11
10074960
3
4
5
7
8
9
11
13
10092600
3
4
5
7
8
9
11
10107720
3
4
5
7
8
9
11
10122840
3
4
5
7
8
9
11
10137960
3
4
5
7
8
9
11
10153080
3
4
5
7
8
9
11
10168200
3
4
5
7
8
9
11
10183320
3
4
5
7
8
9
11
10198440
3
4
5
7
8
9
11
10213560
3
4
5
7
8
9
11
13
10231200
3
4
5
7
8
9
11
10246320
3
4
5
7
8
9
11
10261440
3
4
5
7
8
9
11
10276560
3
4
5
7
8
9
11
10291680
3
4
5
7
8
9
11
10306800
3
4
5
7
8
9
11
10321920
3
4
5
7
8
9
11
10337040
3
4
5
7
8
9
11
10352160
3
4
5
7
8
9
11
13
10369800
3
4
5
7
8
9
11
10384920
3
4
5
7
8
9
11
10400040
3
4
5
7
8
9
11
10415160
3
4
5
7
8
9
11
10430280
3
4
5
7
8
9
11
10445400
3
4
5
7
8
9
11
10460520
3
4
5
7
8
9
11
10475640
3
4
5
7
8
9
11
10490760
3
4
5
7
8
9
11
13
10508400
3
4
5
7
8
9
11
10523520
3
4
5
7
8
9
11
10538640
3
4
5
7
8
9
11
10553760
3
4
5
7
8
9
11
10568880
3
4
5
7
8
9
11
10584000
3
4
5
7
8
9
11
10599120
3
4
5
7
8
9
11
10614240
3
4
5
7
8
9
11
10629360
3
4
5
7
8
9
11
13
16
17
10652040
3
4
5
7
8
9
11
10667160
3
4
5
7
8
9
11
10682280
3
4
5
7
8
9
11
10697400
3
4
5
7
8
9
11
10712520
3
4
5
7
8
9
11
13
10730160
3
4
5
7
8
9
11
10745280
3
4
5
7
8
9
11
10760400
3
4
5
7
8
9
11
10775520
3
4
5
7
8
9
11
10790640
3
4
5
7
8
9
11
10805760
3
4
5
7
8
9
11
10820880
3
4
5
7
8
9
11
10836000
3
4
5
7
8
9
11
10851120
3
4
5
7
8
9
11
13
10868760
3
4
5
7
8
9
11
10883880
3
4
5
7
8
9
11
10899000
3
4
5
7
8
9
11
10914120
3
4
5
7
8
9
11
10929240
3
4
5
7
8
9
11
10944360
3
4
5
7
8
9
11
10959480
3
4
5
7
8
9
11
10974600
3
4
5
7
8
9
11
10989720
3
4
5
7
8
9
11
13
16
11009880
3
4
5
7
8
9
11
11025000
3
4
5
7
8
9
11
11040120
3
4
5
7
8
9
11
11055240
3
4
5
7
8
9
11
11070360
3
4
5
7
8
9
11
11085480
3
4
5
7
8
9
11
11100600
3
4
5
7
8
9
11
13
11118240
3
4
5
7
8
9
11
11133360
3
4
5
7
8
9
11
11148480
3
4
5
7
8
9
11
11163600
3
4
5
7
8
9
11
11178720
3
4
5
7
8
9
11
11193840
3
4
5
7
8
9
11
11208960
3
4
5
7
8
9
11
11224080
3
4
5
7
8
9
11
11239200
3
4
5
7
8
9
11
13
11256840
3
4
5
7
8
9
11
11271960
3
4
5
7
8
9
11
11287080
3
4
5
7
8
9
11
11302200
3
4
5
7
8
9
11
11317320
3
4
5
7
8
9
11
11332440
3
4
5
7
8
9
11
11347560
3
4
5
7
8
9
11
11362680
3
4
5
7
8
9
11
11377800
3
4
5
7
8
9
11
13
11395440
3
4
5
7
8
9
11
11410560
3
4
5
7
8
9
11
11425680
3
4
5
7
8
9
11
11440800
3
4
5
7
8
9
11
11455920
3
4
5
7
8
9
11
11471040
3
4
5
7
8
9
11
11486160
3
4
5
7
8
9
11
11501280
3
4
5
7
8
9
11
11516400
3
4
5
7
8
9
11
13
11534040
3
4
5
7
8
9
11
11549160
3
4
5
7
8
9
11
11564280
3
4
5
7
8
9
11
11579400
3
4
5
7
8
9
11
11594520
3
4
5
7
8
9
11
11609640
3
4
5
7
8
9
11
11624760
3
4
5
7
8
9
11
11639880
3
4
5
7
8
9
11
11655000
3
4
5
7
8
9
11
13
11672640
3
4
5
7
8
9
11
11687760
3
4
5
7
8
9
11
11702880
3
4
5
7
8
9
11
11718000
3
4
5
7
8
9
11
11733120
3
4
5
7
8
9
11
11748240
3
4
5
7
8
9
11
11763360
3
4
5
7
8
9
11
11778480
3
4
5
7
8
9
11
11793600
3
4
5
7
8
9
11
13
11811240
3
4
5
7
8
9
11
11826360
3
4
5
7
8
9
11
11841480
3
4
5
7
8
9
11
11856600
3
4
5
7
8
9
11
11871720
3
4
5
7
8
9
11
11886840
3
4
5
7
8
9
11
11901960
3
4
5
7
8
9
11
11917080
3
4
5
7
8
9
11
11932200
3
4
5
7
8
9
11
13
11949840
3
4
5
7
8
9
11
11964960
3
4
5
7
8
9
11
11980080
3
4
5
7
8
9
11
11995200
3
4
5
7
8
9
11
12010320
3
4
5
7
8
9
11
12025440
3
4
5
7
8
9
11
12040560
3
4
5
7
8
9
11
12055680
3
4
5
7
8
9
11
12070800
3
4
5
7
8
9
11
13
16
17
12093480
3
4
5
7
8
9
11
12108600
3
4
5
7
8
9
11
12123720
3
4
5
7
8
9
11
12138840
3
4
5
7
8
9
11
12153960
3
4
5
7
8
9
11
13
12171600
3
4
5
7
8
9
11
12186720
3
4
5
7
8
9
11
12201840
3
4
5
7
8
9
11
12216960
3
4
5
7
8
9
11
12232080
3
4
5
7
8
9
11
12247200
3
4
5
7
8
9
11
12262320
3
4
5
7
8
9
11
12277440
3
4
5
7
8
9
11
12292560
3
4
5
7
8
9
11
13
12310200
3
4
5
7
8
9
11
12325320
3
4
5
7
8
9
11
12340440
3
4
5
7
8
9
11
12355560
3
4
5
7
8
9
11
12370680
3
4
5
7
8
9
11
12385800
3
4
5
7
8
9
11
12400920
3
4
5
7
8
9
11
12416040
3
4
5
7
8
9
11
12431160
3
4
5
7
8
9
11
13
16
12451320
3
4
5
7
8
9
11
12466440
3
4
5
7
8
9
11
12481560
3
4
5
7
8
9
11
12496680
3
4
5
7
8
9
11
12511800
3
4
5
7
8
9
11
12526920
3
4
5
7
8
9
11
12542040
3
4
5
7
8
9
11
13
12559680
3
4
5
7
8
9
11
12574800
3
4
5
7
8
9
11
12589920
3
4
5
7
8
9
11
12605040
3
4
5
7
8
9
11
12620160
3
4
5
7
8
9
11
12635280
3
4
5
7
8
9
11
12650400
3
4
5
7
8
9
11
12665520
3
4
5
7
8
9
11
12680640
3
4
5
7
8
9
11
13
12698280
3
4
5
7
8
9
11
12713400
3
4
5
7
8
9
11
12728520
3
4
5
7
8
9
11
12743640
3
4
5
7
8
9
11
12758760
3
4
5
7
8
9
11
12773880
3
4
5
7
8
9
11
12789000
3
4
5
7
8
9
11
12804120
3
4
5
7
8
9
11
12819240
3
4
5
7
8
9
11
13
12836880
3
4
5
7
8
9
11
12852000
3
4
5
7
8
9
11
12867120
3
4
5
7
8
9
11
12882240
3
4
5
7
8
9
11
12897360
3
4
5
7
8
9
11
12912480
3
4
5
7
8
9
11
12927600
3
4
5
7
8
9
11
12942720
3
4
5
7
8
9
11
12957840
3
4
5
7
8
9
11
13
12975480
3
4
5
7
8
9
11
12990600
3
4
5
7
8
9
11
13005720
3
4
5
7
8
9
11
13020840
3
4
5
7
8
9
11
13035960
3
4
5
7
8
9
11
13051080
3
4
5
7
8
9
11
13066200
3
4
5
7
8
9
11
13081320
3
4
5
7
8
9
11
13096440
3
4
5
7
8
9
11
13
13114080
3
4
5
7
8
9
11
13129200
3
4
5
7
8
9
11
13144320
3
4
5
7
8
9
11
13159440
3
4
5
7
8
9
11
13174560
3
4
5
7
8
9
11
13189680
3
4
5
7
8
9
11
13204800
3
4
5
7
8
9
11
13219920
3
4
5
7
8
9
11
13235040
3
4
5
7
8
9
11
13
13252680
3
4
5
7
8
9
11
13267800
3
4
5
7
8
9
11
13282920
3
4
5
7
8
9
11
13298040
3
4
5
7
8
9
11
13313160
3
4
5
7
8
9
11
13328280
3
4
5
7
8
9
11
13343400
3
4
5
7
8
9
11
13358520
3
4
5
7
8
9
11
13373640
3
4
5
7
8
9
11
13
13391280
3
4
5
7
8
9
11
13406400
3
4
5
7
8
9
11
13421520
3
4
5
7
8
9
11
13436640
3
4
5
7
8
9
11
13451760
3
4
5
7
8
9
11
13466880
3
4
5
7
8
9
11
13482000
3
4
5
7
8
9
11
13497120
3
4
5
7
8
9
11
13512240
3
4
5
7
8
9
11
13
16
17
13534920
3
4
5
7
8
9
11
13550040
3
4
5
7
8
9
11
13565160
3
4
5
7
8
9
11
13580280
3
4
5
7
8
9
11
13595400
3
4
5
7
8
9
11
13
13613040
3
4
5
7
8
9
11
13628160
3
4
5
7
8
9
11
13643280
3
4
5
7
8
9
11
13658400
3
4
5
7
8
9
11
13673520
3
4
5
7
8
9
11
13688640
3
4
5
7
8
9
11
13703760
3
4
5
7
8
9
11
13718880
3
4
5
7
8
9
11
13734000
3
4
5
7
8
9
11
13
13751640
3
4
5
7
8
9
11
13766760
3
4
5
7
8
9
11
13781880
3
4
5
7
8
9
11
13797000
3
4
5
7
8
9
11
13812120
3
4
5
7
8
9
11
13827240
3
4
5
7
8
9
11
13842360
3
4
5
7
8
9
11
13857480
3
4
5
7
8
9
11
13872600
3
4
5
7
8
9
11
13
16
13892760
3
4
5
7
8
9
11
13907880
3
4
5
7
8
9
11
13923000
3
4
5
7
8
9
11
13938120
3
4
5
7
8
9
11
13953240
3
4
5
7
8
9
11
13968360
3
4
5
7
8
9
11
13983480
3
4
5
7
8
9
11
13
14001120
3
4
5
7
8
9
11
14016240
3
4
5
7
8
9
11
14031360
3
4
5
7
8
9
11
14046480
3
4
5
7
8
9
11
14061600
3
4
5
7
8
9
11
14076720
3
4
5
7
8
9
11
14091840
3
4
5
7
8
9
11
14106960
3
4
5
7
8
9
11
14122080
3
4
5
7
8
9
11
13
14139720
3
4
5
7
8
9
11
14154840
3
4
5
7
8
9
11
14169960
3
4
5
7
8
9
11
14185080
3
4
5
7
8
9
11
14200200
3
4
5
7
8
9
11
14215320
3
4
5
7
8
9
11
14230440
3
4
5
7
8
9
11
14245560
3
4
5
7
8
9
11
14260680
3
4
5
7
8
9
11
13
14278320
3
4
5
7
8
9
11
14293440
3
4
5
7
8
9
11
14308560
3
4
5
7
8
9
11
14323680
3
4
5
7
8
9
11
14338800
3
4
5
7
8
9
11
14353920
3
4
5
7
8
9
11
14369040
3
4
5
7
8
9
11
14384160
3
4
5
7
8
9
11
14399280
3
4
5
7
8
9
11
13
14416920
3
4
5
7
8
9
11
14432040
3
4
5
7
8
9
11
14447160
3
4
5
7
8
9
11
14462280
3
4
5
7
8
9
11
14477400
3
4
5
7
8
9
11
14492520
3
4
5
7
8
9
11
14507640
3
4
5
7
8
9
11
14522760
3
4
5
7
8
9
11
14537880
3
4
5
7
8
9
11
13
14555520
3
4
5
7
8
9
11
14570640
3
4
5
7
8
9
11
14585760
3
4
5
7
8
9
11
14600880
3
4
5
7
8
9
11
14616000
3
4
5
7
8
9
11
14631120
3
4
5
7
8
9
11
14646240
3
4
5
7
8
9
11
14661360
3
4
5
7
8
9
11
14676480
3
4
5
7
8
9
11
13
14694120
3
4
5
7
8
9
11
14709240
3
4
5
7
8
9
11
14724360
3
4
5
7
8
9
11
14739480
3
4
5
7
8
9
11
14754600
3
4
5
7
8
9
11
14769720
3
4
5
7
8
9
11
14784840
3
4
5
7
8
9
11
14799960
3
4
5
7
8
9
11
14815080
3
4
5
7
8
9
11
13
14832720
3
4
5
7
8
9
11
14847840
3
4
5
7
8
9
11
14862960
3
4
5
7
8
9
11
14878080
3
4
5
7
8
9
11
14893200
3
4
5
7
8
9
11
14908320
3
4
5
7
8
9
11
14923440
3
4
5
7
8
9
11
14938560
3
4
5
7
8
9
11
14953680
3
4
5
7
8
9
11
13
16
17
14976360
3
4
5
7
8
9
11
14991480
3
4
5
7
8
9
11
15006600
3
4
5
7
8
9
11
15021720
3
4
5
7
8
9
11
15036840
3
4
5
7
8
9
11
13
15054480
3
4
5
7
8
9
11
15069600
3
4
5
7
8
9
11
15084720
3
4
5
7
8
9
11
15099840
3
4
5
7
8
9
11
15114960
3
4
5
7
8
9
11
15130080
3
4
5
7
8
9
11
15145200
3
4
5
7
8
9
11
15160320
3
4
5
7
8
9
11
15175440
3
4
5
7
8
9
11
13
15193080
3
4
5
7
8
9
11
15208200
3
4
5
7
8
9
11
15223320
3
4
5
7
8
9
11
15238440
3
4
5
7
8
9
11
15253560
3
4
5
7
8
9
11
15268680
3
4
5
7
8
9
11
15283800
3
4
5
7
8
9
11
15298920
3
4
5
7
8
9
11
15314040
3
4
5
7
8
9
11
13
16
15334200
3
4
5
7
8
9
11
15349320
3
4
5
7
8
9
11
15364440
3
4
5
7
8
9
11
15379560
3
4
5
7
8
9
11
15394680
3
4
5
7
8
9
11
15409800
3
4
5
7
8
9
11
15424920
3
4
5
7
8
9
11
13
15442560
3
4
5
7
8
9
11
15457680
3
4
5
7
8
9
11
15472800
3
4
5
7
8
9
11
15487920
3
4
5
7
8
9
11
15503040
3
4
5
7
8
9
11
15518160
3
4
5
7
8
9
11
15533280
3
4
5
7
8
9
11
15548400
3
4
5
7
8
9
11
15563520
3
4
5
7
8
9
11
13
15581160
3
4
5
7
8
9
11
15596280
3
4
5
7
8
9
11
15611400
3
4
5
7
8
9
11
15626520
3
4
5
7
8
9
11
15641640
3
4
5
7
8
9
11
15656760
3
4
5
7
8
9
11
15671880
3
4
5
7
8
9
11
15687000
3
4
5
7
8
9
11
15702120
3
4
5
7
8
9
11
13
15719760
3
4
5
7
8
9
11
15734880
3
4
5
7
8
9
11
15750000
3
4
5
7
8
9
11
15765120
3
4
5
7
8
9
11
15780240
3
4
5
7
8
9
11
15795360
3
4
5
7
8
9
11
15810480
3
4
5
7
8
9
11
15825600
3
4
5
7
8
9
11
15840720
3
4
5
7
8
9
11
13
15858360
3
4
5
7
8
9
11
15873480
3
4
5
7
8
9
11
15888600
3
4
5
7
8
9
11
15903720
3
4
5
7
8
9
11
15918840
3
4
5
7
8
9
11
15933960
3
4
5
7
8
9
11
15949080
3
4
5
7
8
9
11
15964200
3
4
5
7
8
9
11
15979320
3
4
5
7
8
9
11
13
15996960
3
4
5
7
8
9
11
16012080
3
4
5
7
8
9
11
16027200
3
4
5
7
8
9
11
16042320
3
4
5
7
8
9
11
16057440
3
4
5
7
8
9
11
16072560
3
4
5
7
8
9
11
16087680
3
4
5
7
8
9
11
16102800
3
4
5
7
8
9
11
16117920
3
4
5
7
8
9
11
13
16135560
3
4
5
7
8
9
11
16150680
3
4
5
7
8
9
11
16165800
3
4
5
7
8
9
11
16180920
3
4
5
7
8
9
11
16196040
3
4
5
7
8
9
11
16211160
3
4
5
7
8
9
11
16226280
3
4
5
7
8
9
11
16241400
3
4
5
7
8
9
11
16256520
3
4
5
7
8
9
11
13
16274160
3
4
5
7
8
9
11
16289280
3
4
5
7
8
9
11
16304400
3
4
5
7
8
9
11
16319520
3
4
5
7
8
9
11
16334640
3
4
5
7
8
9
11
16349760
3
4
5
7
8
9
11
16364880
3
4
5
7
8
9
11
16380000
3
4
5
7
8
9
11
16395120
3
4
5
7
8
9
11
13
16
17
16417800
3
4
5
7
8
9
11
16432920
3
4
5
7
8
9
11
16448040
3
4
5
7
8
9
11
16463160
3
4
5
7
8
9
11
16478280
3
4
5
7
8
9
11
13
16495920
3
4
5
7
8
9
11
16511040
3
4
5
7
8
9
11
16526160
3
4
5
7
8
9
11
16541280
3
4
5
7
8
9
11
16556400
3
4
5
7
8
9
11
16571520
3
4
5
7
8
9
11
16586640
3
4
5
7
8
9
11
16601760
3
4
5
7
8
9
11
16616880
3
4
5
7
8
9
11
13
16634520
3
4
5
7
8
9
11
16649640
3
4
5
7
8
9
11
16664760
3
4
5
7
8
9
11
16679880
3
4
5
7
8
9
11
16695000
3
4
5
7
8
9
11
16710120
3
4
5
7
8
9
11
16725240
3
4
5
7
8
9
11
16740360
3
4
5
7
8
9
11
16755480
3
4
5
7
8
9
11
13
16
16775640
3
4
5
7
8
9
11
16790760
3
4
5
7
8
9
11
16805880
3
4
5
7
8
9
11
16821000
3
4
5
7
8
9
11
16836120
3
4
5
7
8
9
11
16851240
3
4
5
7
8
9
11
16866360
3
4
5
7
8
9
11
13
16884000
3
4
5
7
8
9
11
16899120
3
4
5
7
8
9
11
16914240
3
4
5
7
8
9
11
16929360
3
4
5
7
8
9
11
16944480
3
4
5
7
8
9
11
16959600
3
4
5
7
8
9
11
16974720
3
4
5
7
8
9
11
16989840
3
4
5
7
8
9
11
17004960
3
4
5
7
8
9
11
13
17022600
3
4
5
7
8
9
11
17037720
3
4
5
7
8
9
11
17052840
3
4
5
7
8
9
11
17067960
3
4
5
7
8
9
11
17083080
3
4
5
7
8
9
11
17098200
3
4
5
7
8
9
11
17113320
3
4
5
7
8
9
11
17128440
3
4
5
7
8
9
11
17143560
3
4
5
7
8
9
11
13
17161200
3
4
5
7
8
9
11
17176320
3
4
5
7
8
9
11
17191440
3
4
5
7
8
9
11
17206560
3
4
5
7
8
9
11
17221680
3
4
5
7
8
9
11
17236800
3
4
5
7
8
9
11
17251920
3
4
5
7
8
9
11
17267040
3
4
5
7
8
9
11
17282160
3
4
5
7
8
9
11
13
17299800
3
4
5
7
8
9
11
17314920
3
4
5
7
8
9
11
17330040
3
4
5
7
8
9
11
17345160
3
4
5
7
8
9
11
17360280
3
4
5
7
8
9
11
17375400
3
4
5
7
8
9
11
17390520
3
4
5
7
8
9
11
17405640
3
4
5
7
8
9
11
17420760
3
4
5
7
8
9
11
13
17438400
3
4
5
7
8
9
11
17453520
3
4
5
7
8
9
11
17468640
3
4
5
7
8
9
11
17483760
3
4
5
7
8
9
11
17498880
3
4
5
7
8
9
11
17514000
3
4
5
7
8
9
11
17529120
3
4
5
7
8
9
11
17544240
3
4
5
7
8
9
11
17559360
3
4
5
7
8
9
11
13
17577000
3
4
5
7
8
9
11
17592120
3
4
5
7
8
9
11
17607240
3
4
5
7
8
9
11
17622360
3
4
5
7
8
9
11
17637480
3
4
5
7
8
9
11
17652600
3
4
5
7
8
9
11
17667720
3
4
5
7
8
9
11
17682840
3
4
5
7
8
9
11
17697960
3
4
5
7
8
9
11
13
17715600
3
4
5
7
8
9
11
17730720
3
4
5
7
8
9
11
17745840
3
4
5
7
8
9
11
17760960
3
4
5
7
8
9
11
17776080
3
4
5
7
8
9
11
17791200
3
4
5
7
8
9
11
17806320
3
4
5
7
8
9
11
17821440
3
4
5
7
8
9
11
17836560
3
4
5
7
8
9
11
13
16
17
17859240
3
4
5
7
8
9
11
17874360
3
4
5
7
8
9
11
17889480
3
4
5
7
8
9
11
17904600
3
4
5
7
8
9
11
17919720
3
4
5
7
8
9
11
13
17937360
3
4
5
7
8
9
11
17952480
3
4
5
7
8
9
11
17967600
3
4
5
7
8
9
11
17982720
3
4
5
7
8
9
11
17997840
3
4
5
7
8
9
11
18012960
3
4
5
7
8
9
11
18028080
3
4
5
7
8
9
11
18043200
3
4
5
7
8
9
11
18058320
3
4
5
7
8
9
11
13
18075960
3
4
5
7
8
9
11
18091080
3
4
5
7
8
9
11
18106200
3
4
5
7
8
9
11
18121320
3
4
5
7
8
9
11
18136440
3
4
5
7
8
9
11
18151560
3
4
5
7
8
9
11
18166680
3
4
5
7
8
9
11
18181800
3
4
5
7
8
9
11
18196920
3
4
5
7
8
9
11
13
16
18217080
3
4
5
7
8
9
11
18232200
3
4
5
7
8
9
11
18247320
3
4
5
7
8
9
11
18262440
3
4
5
7
8
9
11
18277560
3
4
5
7
8
9
11
18292680
3
4
5
7
8
9
11
18307800
3
4
5
7
8
9
11
13
18325440
3
4
5
7
8
9
11
18340560
3
4
5
7
8
9
11
18355680
3
4
5
7
8
9
11
18370800
3
4
5
7
8
9
11
18385920
3
4
5
7
8
9
11
18401040
3
4
5
7
8
9
11
18416160
3
4
5
7
8
9
11
18431280
3
4
5
7
8
9
11
18446400
3
4
5
7
8
9
11
13
18464040
3
4
5
7
8
9
11
18479160
3
4
5
7
8
9
11
18494280
3
4
5
7
8
9
11
18509400
3
4
5
7
8
9
11
18524520
3
4
5
7
8
9
11
18539640
3
4
5
7
8
9
11
18554760
3
4
5
7
8
9
11
18569880
3
4
5
7
8
9
11
18585000
3
4
5
7
8
9
11
13
18602640
3
4
5
7
8
9
11
18617760
3
4
5
7
8
9
11
18632880
3
4
5
7
8
9
11
18648000
3
4
5
7
8
9
11
18663120
3
4
5
7
8
9
11
18678240
3
4
5
7
8
9
11
18693360
3
4
5
7
8
9
11
18708480
3
4
5
7
8
9
11
18723600
3
4
5
7
8
9
11
13
18741240
3
4
5
7
8
9
11
18756360
3
4
5
7
8
9
11
18771480
3
4
5
7
8
9
11
18786600
3
4
5
7
8
9
11
18801720
3
4
5
7
8
9
11
18816840
3
4
5
7
8
9
11
18831960
3
4
5
7
8
9
11
18847080
3
4
5
7
8
9
11
18862200
3
4
5
7
8
9
11
13
18879840
3
4
5
7
8
9
11
18894960
3
4
5
7
8
9
11
18910080
3
4
5
7
8
9
11
18925200
3
4
5
7
8
9
11
18940320
3
4
5
7
8
9
11
18955440
3
4
5
7
8
9
11
18970560
3
4
5
7
8
9
11
18985680
3
4
5
7
8
9
11
19000800
3
4
5
7
8
9
11
13
19018440
3
4
5
7
8
9
11
19033560
3
4
5
7
8
9
11
19048680
3
4
5
7
8
9
11
19063800
3
4
5
7
8
9
11
19078920
3
4
5
7
8
9
11
19094040
3
4
5
7
8
9
11
19109160
3
4
5
7
8
9
11
19124280
3
4
5
7
8
9
11
19139400
3
4
5
7
8
9
11
13
19157040
3
4
5
7
8
9
11
19172160
3
4
5
7
8
9
11
19187280
3
4
5
7
8
9
11
19202400
3
4
5
7
8
9
11
19217520
3
4
5
7
8
9
11
19232640
3
4
5
7
8
9
11
19247760
3
4
5
7
8
9
11
19262880
3
4
5
7
8
9
11
19278000
3
4
5
7
8
9
11
13
16
17
19300680
3
4
5
7
8
9
11
19315800
3
4
5
7
8
9
11
19330920
3
4
5
7
8
9
11
19346040
3
4
5
7
8
9
11
19361160
3
4
5
7
8
9
11
13
19378800
3
4
5
7
8
9
11
19393920
3
4
5
7
8
9
11
19409040
3
4
5
7
8
9
11
19424160
3
4
5
7
8
9
11
19439280
3
4
5
7
8
9
11
19454400
3
4
5
7
8
9
11
19469520
3
4
5
7
8
9
11
19484640
3
4
5
7
8
9
11
19499760
3
4
5
7
8
9
11
13
19517400
3
4
5
7
8
9
11
19532520
3
4
5
7
8
9
11
19547640
3
4
5
7
8
9
11
19562760
3
4
5
7
8
9
11
19577880
3
4
5
7
8
9
11
19593000
3
4
5
7
8
9
11
19608120
3
4
5
7
8
9
11
19623240
3
4
5
7
8
9
11
19638360
3
4
5
7
8
9
11
13
16
19658520
3
4
5
7
8
9
11
19673640
3
4
5
7
8
9
11
19688760
3
4
5
7
8
9
11
19703880
3
4
5
7
8
9
11
19719000
3
4
5
7
8
9
11
19734120
3
4
5
7
8
9
11
19749240
3
4
5
7
8
9
11
13
19766880
3
4
5
7
8
9
11
19782000
3
4
5
7
8
9
11
19797120
3
4
5
7
8
9
11
19812240
3
4
5
7
8
9
11
19827360
3
4
5
7
8
9
11
19842480
3
4
5
7
8
9
11
19857600
3
4
5
7
8
9
11
19872720
3
4
5
7
8
9
11
19887840
3
4
5
7
8
9
11
13
19905480
3
4
5
7
8
9
11
19920600
3
4
5
7
8
9
11
19935720
3
4
5
7
8
9
11
19950840
3
4
5
7
8
9
11
19965960
3
4
5
7
8
9
11
19981080
3
4
5
7
8
9
11
19996200
3
4
5
7
8
9
11
20011320
3
4
5
7
8
9
11
20026440
3
4
5
7
8
9
11
13
20044080
3
4
5
7
8
9
11
20059200
3
4
5
7
8
9
11
20074320
3
4
5
7
8
9
11
20089440
3
4
5
7
8
9
11
20104560
3
4
5
7
8
9
11
20119680
3
4
5
7
8
9
11
20134800
3
4
5
7
8
9
11
20149920
3
4
5
7
8
9
11
20165040
3
4
5
7
8
9
11
13
20182680
3
4
5
7
8
9
11
20197800
3
4
5
7
8
9
11
20212920
3
4
5
7
8
9
11
20228040
3
4
5
7
8
9
11
20243160
3
4
5
7
8
9
11
20258280
3
4
5
7
8
9
11
20273400
3
4
5
7
8
9
11
20288520
3
4
5
7
8
9
11
20303640
3
4
5
7
8
9
11
13
20321280
3
4
5
7
8
9
11
20336400
3
4
5
7
8
9
11
20351520
3
4
5
7
8
9
11
20366640
3
4
5
7
8
9
11
20381760
3
4
5
7
8
9
11
20396880
3
4
5
7
8
9
11
20412000
3
4
5
7
8
9
11
20427120
3
4
5
7
8
9
11
20442240
3
4
5
7
8
9
11
13
20459880
3
4
5
7
8
9
11
20475000
3
4
5
7
8
9
11
20490120
3
4
5
7
8
9
11
20505240
3
4
5
7
8
9
11
20520360
3
4
5
7
8
9
11
20535480
3
4
5
7
8
9
11
20550600
3
4
5
7
8
9
11
20565720
3
4
5
7
8
9
11
20580840
3
4
5
7
8
9
11
13
20598480
3
4
5
7
8
9
11
20613600
3
4
5
7
8
9
11
20628720
3
4
5
7
8
9
11
20643840
3
4
5
7
8
9
11
20658960
3
4
5
7
8
9
11
20674080
3
4
5
7
8
9
11
20689200
3
4
5
7
8
9
11
20704320
3
4
5
7
8
9
11
20719440
3
4
5
7
8
9
11
13
16
17
20742120
3
4
5
7
8
9
11
20757240
3
4
5
7
8
9
11
20772360
3
4
5
7
8
9
11
20787480
3
4
5
7
8
9
11
20802600
3
4
5
7
8
9
11
13
20820240
3
4
5
7
8
9
11
20835360
3
4
5
7
8
9
11
20850480
3
4
5
7
8
9
11
20865600
3
4
5
7
8
9
11
20880720
3
4
5
7
8
9
11
20895840
3
4
5
7
8
9
11
20910960
3
4
5
7
8
9
11
20926080
3
4
5
7
8
9
11
20941200
3
4
5
7
8
9
11
13
20958840
3
4
5
7
8
9
11
20973960
3
4
5
7
8
9
11
20989080
3
4
5
7
8
9
11
21004200
3
4
5
7
8
9
11
21019320
3
4
5
7
8
9
11
21034440
3
4
5
7
8
9
11
21049560
3
4
5
7
8
9
11
21064680
3
4
5
7
8
9
11
21079800
3
4
5
7
8
9
11
13
16
21099960
3
4
5
7
8
9
11
21115080
3
4
5
7
8
9
11
21130200
3
4
5
7
8
9
11
21145320
3
4
5
7
8
9
11
21160440
3
4
5
7
8
9
11
21175560
3
4
5
7
8
9
11
21190680
3
4
5
7
8
9
11
13
21208320
3
4
5
7
8
9
11
21223440
3
4
5
7
8
9
11
21238560
3
4
5
7
8
9
11
21253680
3
4
5
7
8
9
11
21268800
3
4
5
7
8
9
11
21283920
3
4
5
7
8
9
11
21299040
3
4
5
7
8
9
11
21314160
3
4
5
7
8
9
11
21329280
3
4
5
7
8
9
11
13
21346920
3
4
5
7
8
9
11
21362040
3
4
5
7
8
9
11
21377160
3
4
5
7
8
9
11
21392280
3
4
5
7
8
9
11
21407400
3
4
5
7
8
9
11
21422520
3
4
5
7
8
9
11
21437640
3
4
5
7
8
9
11
21452760
3
4
5
7
8
9
11
21467880
3
4
5
7
8
9
11
13
21485520
3
4
5
7
8
9
11
21500640
3
4
5
7
8
9
11
21515760
3
4
5
7
8
9
11
21530880
3
4
5
7
8
9
11
21546000
3
4
5
7
8
9
11
21561120
3
4
5
7
8
9
11
21576240
3
4
5
7
8
9
11
21591360
3
4
5
7
8
9
11
21606480
3
4
5
7
8
9
11
13
21624120
3
4
5
7
8
9
11
21639240
3
4
5
7
8
9
11
21654360
3
4
5
7
8
9
11
21669480
3
4
5
7
8
9
11
21684600
3
4
5
7
8
9
11
21699720
3
4
5
7
8
9
11
21714840
3
4
5
7
8
9
11
21729960
3
4
5
7
8
9
11
21745080
3
4
5
7
8
9
11
13
21762720
3
4
5
7
8
9
11
21777840
3
4
5
7
8
9
11
21792960
3
4
5
7
8
9
11
21808080
3
4
5
7
8
9
11
21823200
3
4
5
7
8
9
11
21838320
3
4
5
7
8
9
11
21853440
3
4
5
7
8
9
11
21868560
3
4
5
7
8
9
11
21883680
3
4
5
7
8
9
11
13
21901320
3
4
5
7
8
9
11
21916440
3
4
5
7
8
9
11
21931560
3
4
5
7
8
9
11
21946680
3
4
5
7
8
9
11
21961800
3
4
5
7
8
9
11
21976920
3
4
5
7
8
9
11
21992040
3
4
5
7
8
9
11
22007160
3
4
5
7
8
9
11
22022280
3
4
5
7
8
9
11
13
22039920
3
4
5
7
8
9
11
22055040
3
4
5
7
8
9
11
22070160
3
4
5
7
8
9
11
22085280
3
4
5
7
8
9
11
22100400
3
4
5
7
8
9
11
22115520
3
4
5
7
8
9
11
22130640
3
4
5
7
8
9
11
22145760
3
4
5
7
8
9
11
22160880
3
4
5
7
8
9
11
13
16
17
22183560
3
4
5
7
8
9
11
22198680
3
4
5
7
8
9
11
22213800
3
4
5
7
8
9
11
22228920
3
4
5
7
8
9
11
22244040
3
4
5
7
8
9
11
13
22261680
3
4
5
7
8
9
11
22276800
3
4
5
7
8
9
11
22291920
3
4
5
7
8
9
11
22307040
3
4
5
7
8
9
11
22322160
3
4
5
7
8
9
11
22337280
3
4
5
7
8
9
11
22352400
3
4
5
7
8
9
11
22367520
3
4
5
7
8
9
11
22382640
3
4
5
7
8
9
11
13
22400280
3
4
5
7
8
9
11
22415400
3
4
5
7
8
9
11
22430520
3
4
5
7
8
9
11
22445640
3
4
5
7
8
9
11
22460760
3
4
5
7
8
9
11
22475880
3
4
5
7
8
9
11
22491000
3
4
5
7
8
9
11
22506120
3
4
5
7
8
9
11
22521240
3
4
5
7
8
9
11
13
16
22541400
3
4
5
7
8
9
11
22556520
3
4
5
7
8
9
11
22571640
3
4
5
7
8
9
11
22586760
3
4
5
7
8
9
11
22601880
3
4
5
7
8
9
11
22617000
3
4
5
7
8
9
11
22632120
3
4
5
7
8
9
11
13
22649760
3
4
5
7
8
9
11
22664880
3
4
5
7
8
9
11
22680000
3
4
5
7
8
9
11
22695120
3
4
5
7
8
9
11
22710240
3
4
5
7
8
9
11
22725360
3
4
5
7
8
9
11
22740480
3
4
5
7
8
9
11
22755600
3
4
5
7
8
9
11
22770720
3
4
5
7
8
9
11
13
22788360
3
4
5
7
8
9
11
22803480
3
4
5
7
8
9
11
22818600
3
4
5
7
8
9
11
22833720
3
4
5
7
8
9
11
22848840
3
4
5
7
8
9
11
22863960
3
4
5
7
8
9
11
22879080
3
4
5
7
8
9
11
22894200
3
4
5
7
8
9
11
22909320
3
4
5
7
8
9
11
13
22926960
3
4
5
7
8
9
11
22942080
3
4
5
7
8
9
11
22957200
3
4
5
7
8
9
11
22972320
3
4
5
7
8
9
11
22987440
3
4
5
7
8
9
11
23002560
3
4
5
7
8
9
11
23017680
3
4
5
7
8
9
11
23032800
3
4
5
7
8
9
11
23047920
3
4
5
7
8
9
11
13
23065560
3
4
5
7
8
9
11
23080680
3
4
5
7
8
9
11
23095800
3
4
5
7
8
9
11
23110920
3
4
5
7
8
9
11
23126040
3
4
5
7
8
9
11
23141160
3
4
5
7
8
9
11
23156280
3
4
5
7
8
9
11
23171400
3
4
5
7
8
9
11
23186520
3
4
5
7
8
9
11
13
23204160
3
4
5
7
8
9
11
23219280
3
4
5
7
8
9
11
23234400
3
4
5
7
8
9
11
23249520
3
4
5
7
8
9
11
23264640
3
4
5
7
8
9
11
23279760
3
4
5
7
8
9
11
23294880
3
4
5
7
8
9
11
23310000
3
4
5
7
8
9
11
23325120
3
4
5
7
8
9
11
13
23342760
3
4
5
7
8
9
11
23357880
3
4
5
7
8
9
11
23373000
3
4
5
7
8
9
11
23388120
3
4
5
7
8
9
11
23403240
3
4
5
7
8
9
11
23418360
3
4
5
7
8
9
11
23433480
3
4
5
7
8
9
11
23448600
3
4
5
7
8
9
11
23463720
3
4
5
7
8
9
11
13
23481360
3
4
5
7
8
9
11
23496480
3
4
5
7
8
9
11
23511600
3
4
5
7
8
9
11
23526720
3
4
5
7
8
9
11
23541840
3
4
5
7
8
9
11
23556960
3
4
5
7
8
9
11
23572080
3
4
5
7
8
9
11
23587200
3
4
5
7
8
9
11
23602320
3
4
5
7
8
9
11
13
16
17
23625000
3
4
5
7
8
9
11
23640120
3
4
5
7
8
9
11
23655240
3
4
5
7
8
9
11
23670360
3
4
5
7
8
9
11
23685480
3
4
5
7
8
9
11
13
23703120
3
4
5
7
8
9
11
23718240
3
4
5
7
8
9
11
23733360
3
4
5
7
8
9
11
23748480
3
4
5
7
8
9
11
23763600
3
4
5
7
8
9
11
23778720
3
4
5
7
8
9
11
23793840
3
4
5
7
8
9
11
23808960
3
4
5
7
8
9
11
23824080
3
4
5
7
8
9
11
13
23841720
3
4
5
7
8
9
11
23856840
3
4
5
7
8
9
11
23871960
3
4
5
7
8
9
11
23887080
3
4
5
7
8
9
11
23902200
3
4
5
7
8
9
11
23917320
3
4
5
7
8
9
11
23932440
3
4
5
7
8
9
11
23947560
3
4
5
7
8
9
11
23962680
3
4
5
7
8
9
11
13
16
23982840
3
4
5
7
8
9
11
23997960
3
4
5
7
8
9
11
24013080
3
4
5
7
8
9
11
24028200
3
4
5
7
8
9
11
24043320
3
4
5
7
8
9
11
24058440
3
4
5
7
8
9
11
24073560
3
4
5
7
8
9
11
13
24091200
3
4
5
7
8
9
11
24106320
3
4
5
7
8
9
11
24121440
3
4
5
7
8
9
11
24136560
3
4
5
7
8
9
11
24151680
3
4
5
7
8
9
11
24166800
3
4
5
7
8
9
11
24181920
3
4
5
7
8
9
11
24197040
3
4
5
7
8
9
11
24212160
3
4
5
7
8
9
11
13
24229800
3
4
5
7
8
9
11
24244920
3
4
5
7
8
9
11
24260040
3
4
5
7
8
9
11
24275160
3
4
5
7
8
9
11
24290280
3
4
5
7
8
9
11
24305400
3
4
5
7
8
9
11
24320520
3
4
5
7
8
9
11
24335640
3
4
5
7
8
9
11
24350760
3
4
5
7
8
9
11
13
24368400
3
4
5
7
8
9
11
24383520
3
4
5
7
8
9
11
24398640
3
4
5
7
8
9
11
24413760
3
4
5
7
8
9
11
24428880
3
4
5
7
8
9
11
24444000
3
4
5
7
8
9
11
24459120
3
4
5
7
8
9
11
24474240
3
4
5
7
8
9
11
24489360
3
4
5
7
8
9
11
13
24507000
3
4
5
7
8
9
11
24522120
3
4
5
7
8
9
11
24537240
3
4
5
7
8
9
11
24552360
3
4
5
7
8
9
11
24567480
3
4
5
7
8
9
11
24582600
3
4
5
7
8
9
11
24597720
3
4
5
7
8
9
11
24612840
3
4
5
7
8
9
11
24627960
3
4
5
7
8
9
11
13
24645600
3
4
5
7
8
9
11
24660720
3
4
5
7
8
9
11
24675840
3
4
5
7
8
9
11
24690960
3
4
5
7
8
9
11
24706080
3
4
5
7
8
9
11
24721200
3
4
5
7
8
9
11
24736320
3
4
5
7
8
9
11
24751440
3
4
5
7
8
9
11
24766560
3
4
5
7
8
9
11
13
24784200
3
4
5
7
8
9
11
24799320
3
4
5
7
8
9
11
24814440
3
4
5
7
8
9
11
24829560
3
4
5
7
8
9
11
24844680
3
4
5
7
8
9
11
24859800
3
4
5
7
8
9
11
24874920
3
4
5
7
8
9
11
24890040
3
4
5
7
8
9
11
24905160
3
4
5
7
8
9
11
13
24922800
3
4
5
7
8
9
11
24937920
3
4
5
7
8
9
11
24953040
3
4
5
7
8
9
11
24968160
3
4
5
7
8
9
11
24983280
3
4
5
7
8
9
11
24998400
3
4
5
7
8
9
11
25013520
3
4
5
7
8
9
11
25028640
3
4
5
7
8
9
11
25043760
3
4
5
7
8
9
11
13
16
17
25066440
3
4
5
7
8
9
11
25081560
3
4
5
7
8
9
11
25096680
3
4
5
7
8
9
11
25111800
3
4
5
7
8
9
11
25126920
3
4
5
7
8
9
11
13
25144560
3
4
5
7
8
9
11
25159680
3
4
5
7
8
9
11
25174800
3
4
5
7
8
9
11
25189920
3
4
5
7
8
9
11
25205040
3
4
5
7
8
9
11
25220160
3
4
5
7
8
9
11
25235280
3
4
5
7
8
9
11
25250400
3
4
5
7
8
9
11
25265520
3
4
5
7
8
9
11
13
25283160
3
4
5
7
8
9
11
25298280
3
4
5
7
8
9
11
25313400
3
4
5
7
8
9
11
25328520
3
4
5
7
8
9
11
25343640
3
4
5
7
8
9
11
25358760
3
4
5
7
8
9
11
25373880
3
4
5
7
8
9
11
25389000
3
4
5
7
8
9
11
25404120
3
4
5
7
8
9
11
13
16
25424280
3
4
5
7
8
9
11
25439400
3
4
5
7
8
9
11
25454520
3
4
5
7
8
9
11
25469640
3
4
5
7
8
9
11
25484760
3
4
5
7
8
9
11
25499880
3
4
5
7
8
9
11
25515000
3
4
5
7
8
9
11
13
25532640
3
4
5
7
8
9
11
25547760
3
4
5
7
8
9
11
25562880
3
4
5
7
8
9
11
25578000
3
4
5
7
8
9
11
25593120
3
4
5
7
8
9
11
25608240
3
4
5
7
8
9
11
25623360
3
4
5
7
8
9
11
25638480
3
4
5
7
8
9
11
25653600
3
4
5
7
8
9
11
13
25671240
3
4
5
7
8
9
11
25686360
3
4
5
7
8
9
11
25701480
3
4
5
7
8
9
11
25716600
3
4
5
7
8
9
11
25731720
3
4
5
7
8
9
11
25746840
3
4
5
7
8
9
11
25761960
3
4
5
7
8
9
11
25777080
3
4
5
7
8
9
11
25792200
3
4
5
7
8
9
11
13
25809840
3
4
5
7
8
9
11
25824960
3
4
5
7
8
9
11
25840080
3
4
5
7
8
9
11
25855200
3
4
5
7
8
9
11
25870320
3
4
5
7
8
9
11
25885440
3
4
5
7
8
9
11
25900560
3
4
5
7
8
9
11
25915680
3
4
5
7
8
9
11
25930800
3
4
5
7
8
9
11
13
25948440
3
4
5
7
8
9
11
25963560
3
4
5
7
8
9
11
25978680
3
4
5
7
8
9
11
25993800
3
4
5
7
8
9
11
26008920
3
4
5
7
8
9
11
26024040
3
4
5
7
8
9
11
26039160
3
4
5
7
8
9
11
26054280
3
4
5
7
8
9
11
26069400
3
4
5
7
8
9
11
13
26087040
3
4
5
7
8
9
11
26102160
3
4
5
7
8
9
11
26117280
3
4
5
7
8
9
11
26132400
3
4
5
7
8
9
11
26147520
3
4
5
7
8
9
11
26162640
3
4
5
7
8
9
11
26177760
3
4
5
7
8
9
11
26192880
3
4
5
7
8
9
11
26208000
3
4
5
7
8
9
11
13
26225640
3
4
5
7
8
9
11
26240760
3
4
5
7
8
9
11
26255880
3
4
5
7
8
9
11
26271000
3
4
5
7
8
9
11
26286120
3
4
5
7
8
9
11
26301240
3
4
5
7
8
9
11
26316360
3
4
5
7
8
9
11
26331480
3
4
5
7
8
9
11
26346600
3
4
5
7
8
9
11
13
26364240
3
4
5
7
8
9
11
26379360
3
4
5
7
8
9
11
26394480
3
4
5
7
8
9
11
26409600
3
4
5
7
8
9
11
26424720
3
4
5
7
8
9
11
26439840
3
4
5
7
8
9
11
26454960
3
4
5
7
8
9
11
26470080
3
4
5
7
8
9
11
26485200
3
4
5
7
8
9
11
13
16
17
26507880
3
4
5
7
8
9
11
26523000
3
4
5
7
8
9
11
26538120
3
4
5
7
8
9
11
26553240
3
4
5
7
8
9
11
26568360
3
4
5
7
8
9
11
13
26586000
3
4
5
7
8
9
11
26601120
3
4
5
7
8
9
11
26616240
3
4
5
7
8
9
11
26631360
3
4
5
7
8
9
11
26646480
3
4
5
7
8
9
11
26661600
3
4
5
7
8
9
11
26676720
3
4
5
7
8
9
11
26691840
3
4
5
7
8
9
11
26706960
3
4
5
7
8
9
11
13
26724600
3
4
5
7
8
9
11
26739720
3
4
5
7
8
9
11
26754840
3
4
5
7
8
9
11
26769960
3
4
5
7
8
9
11
26785080
3
4
5
7
8
9
11
26800200
3
4
5
7
8
9
11
26815320
3
4
5
7
8
9
11
26830440
3
4
5
7
8
9
11
26845560
3
4
5
7
8
9
11
13
16
26865720
3
4
5
7
8
9
11
26880840
3
4
5
7
8
9
11
26895960
3
4
5
7
8
9
11
26911080
3
4
5
7
8
9
11
26926200
3
4
5
7
8
9
11
26941320
3
4
5
7
8
9
11
26956440
3
4
5
7
8
9
11
13
26974080
3
4
5
7
8
9
11
26989200
3
4
5
7
8
9
11
27004320
3
4
5
7
8
9
11
27019440
3
4
5
7
8
9
11
27034560
3
4
5
7
8
9
11
27049680
3
4
5
7
8
9
11
27064800
3
4
5
7
8
9
11
27079920
3
4
5
7
8
9
11
27095040
3
4
5
7
8
9
11
13
27112680
3
4
5
7
8
9
11
27127800
3
4
5
7
8
9
11
27142920
3
4
5
7
8
9
11
27158040
3
4
5
7
8
9
11
27173160
3
4
5
7
8
9
11
27188280
3
4
5
7
8
9
11
27203400
3
4
5
7
8
9
11
27218520
3
4
5
7
8
9
11
27233640
3
4
5
7
8
9
11
13
27251280
3
4
5
7
8
9
11
27266400
3
4
5
7
8
9
11
27281520
3
4
5
7
8
9
11
27296640
3
4
5
7
8
9
11
27311760
3
4
5
7
8
9
11
27326880
3
4
5
7
8
9
11
27342000
3
4
5
7
8
9
11
27357120
3
4
5
7
8
9
11
27372240
3
4
5
7
8
9
11
13
27389880
3
4
5
7
8
9
11
27405000
3
4
5
7
8
9
11
27420120
3
4
5
7
8
9
11
27435240
3
4
5
7
8
9
11
27450360
3
4
5
7
8
9
11
27465480
3
4
5
7
8
9
11
27480600
3
4
5
7
8
9
11
27495720
3
4
5
7
8
9
11
27510840
3
4
5
7
8
9
11
13
27528480
3
4
5
7
8
9
11
27543600
3
4
5
7
8
9
11
27558720
3
4
5
7
8
9
11
27573840
3
4
5
7
8
9
11
27588960
3
4
5
7
8
9
11
27604080
3
4
5
7
8
9
11
27619200
3
4
5
7
8
9
11
27634320
3
4
5
7
8
9
11
27649440
3
4
5
7
8
9
11
13
27667080
3
4
5
7
8
9
11
27682200
3
4
5
7
8
9
11
27697320
3
4
5
7
8
9
11
27712440
3
4
5
7
8
9
11
27727560
3
4
5
7
8
9
11
27742680
3
4
5
7
8
9
11
27757800
3
4
5
7
8
9
11
27772920
3
4
5
7
8
9
11
27788040
3
4
5
7
8
9
11
13
27805680
3
4
5
7
8
9
11
27820800
3
4
5
7
8
9
11
27835920
3
4
5
7
8
9
11
27851040
3
4
5
7
8
9
11
27866160
3
4
5
7
8
9
11
27881280
3
4
5
7
8
9
11
27896400
3
4
5
7
8
9
11
27911520
3
4
5
7
8
9
11
27926640
3
4
5
7
8
9
11
13
16
17
27949320
3
4
5
7
8
9
11
27964440
3
4
5
7
8
9
11
27979560
3
4
5
7
8
9
11
27994680
3
4
5
7
8
9
11
28009800
3
4
5
7
8
9
11
13
28027440
3
4
5
7
8
9
11
28042560
3
4
5
7
8
9
11
28057680
3
4
5
7
8
9
11
28072800
3
4
5
7
8
9
11
28087920
3
4
5
7
8
9
11
28103040
3
4
5
7
8
9
11
28118160
3
4
5
7
8
9
11
28133280
3
4
5
7
8
9
11
28148400
3
4
5
7
8
9
11
13
28166040
3
4
5
7
8
9
11
28181160
3
4
5
7
8
9
11
28196280
3
4
5
7
8
9
11
28211400
3
4
5
7
8
9
11
28226520
3
4
5
7
8
9
11
28241640
3
4
5
7
8
9
11
28256760
3
4
5
7
8
9
11
28271880
3
4
5
7
8
9
11
28287000
3
4
5
7
8
9
11
13
16
28307160
3
4
5
7
8
9
11
28322280
3
4
5
7
8
9
11
28337400
3
4
5
7
8
9
11
28352520
3
4
5
7
8
9
11
28367640
3
4
5
7
8
9
11
28382760
3
4
5
7
8
9
11
28397880
3
4
5
7
8
9
11
13
28415520
3
4
5
7
8
9
11
28430640
3
4
5
7
8
9
11
28445760
3
4
5
7
8
9
11
28460880
3
4
5
7
8
9
11
28476000
3
4
5
7
8
9
11
28491120
3
4
5
7
8
9
11
28506240
3
4
5
7
8
9
11
28521360
3
4
5
7
8
9
11
28536480
3
4
5
7
8
9
11
13
28554120
3
4
5
7
8
9
11
28569240
3
4
5
7
8
9
11
28584360
3
4
5
7
8
9
11
28599480
3
4
5
7
8
9
11
28614600
3
4
5
7
8
9
11
28629720
3
4
5
7
8
9
11
28644840
3
4
5
7
8
9
11
28659960
3
4
5
7
8
9
11
28675080
3
4
5
7
8
9
11
13
28692720
3
4
5
7
8
9
11
28707840
3
4
5
7
8
9
11
28722960
3
4
5
7
8
9
11
28738080
3
4
5
7
8
9
11
28753200
3
4
5
7
8
9
11
28768320
3
4
5
7
8
9
11
28783440
3
4
5
7
8
9
11
28798560
3
4
5
7
8
9
11
28813680
3
4
5
7
8
9
11
13
28831320
3
4
5
7
8
9
11
28846440
3
4
5
7
8
9
11
28861560
3
4
5
7
8
9
11
28876680
3
4
5
7
8
9
11
28891800
3
4
5
7
8
9
11
28906920
3
4
5
7
8
9
11
28922040
3
4
5
7
8
9
11
28937160
3
4
5
7
8
9
11
28952280
3
4
5
7
8
9
11
13
28969920
3
4
5
7
8
9
11
28985040
3
4
5
7
8
9
11
29000160
3
4
5
7
8
9
11
29015280
3
4
5
7
8
9
11
29030400
3
4
5
7
8
9
11
29045520
3
4
5
7
8
9
11
29060640
3
4
5
7
8
9
11
29075760
3
4
5
7
8
9
11
29090880
3
4
5
7
8
9
11
13
29108520
3
4
5
7
8
9
11
29123640
3
4
5
7
8
9
11
29138760
3
4
5
7
8
9
11
29153880
3
4
5
7
8
9
11
29169000
3
4
5
7
8
9
11
29184120
3
4
5
7
8
9
11
29199240
3
4
5
7
8
9
11
29214360
3
4
5
7
8
9
11
29229480
3
4
5
7
8
9
11
13
29247120
3
4
5
7
8
9
11
29262240
3
4
5
7
8
9
11
29277360
3
4
5
7
8
9
11
29292480
3
4
5
7
8
9
11
29307600
3
4
5
7
8
9
11
29322720
3
4
5
7
8
9
11
29337840
3
4
5
7
8
9
11
29352960
3
4
5
7
8
9
11
29368080
3
4
5
7
8
9
11
13
16
17
29390760
3
4
5
7
8
9
11
29405880
3
4
5
7
8
9
11
29421000
3
4
5
7
8
9
11
29436120
3
4
5
7
8
9
11
29451240
3
4
5
7
8
9
11
13
29468880
3
4
5
7
8
9
11
29484000
3
4
5
7
8
9
11
29499120
3
4
5
7
8
9
11
29514240
3
4
5
7
8
9
11
29529360
3
4
5
7
8
9
11
29544480
3
4
5
7
8
9
11
29559600
3
4
5
7
8
9
11
29574720
3
4
5
7
8
9
11
29589840
3
4
5
7
8
9
11
13
29607480
3
4
5
7
8
9
11
29622600
3
4
5
7
8
9
11
29637720
3
4
5
7
8
9
11
29652840
3
4
5
7
8
9
11
29667960
3
4
5
7
8
9
11
29683080
3
4
5
7
8
9
11
29698200
3
4
5
7
8
9
11
29713320
3
4
5
7
8
9
11
29728440
3
4
5
7
8
9
11
13
16
29748600
3
4
5
7
8
9
11
29763720
3
4
5
7
8
9
11
29778840
3
4
5
7
8
9
11
29793960
3
4
5
7
8
9
11
29809080
3
4
5
7
8
9
11
29824200
3
4
5
7
8
9
11
29839320
3
4
5
7
8
9
11
13
29856960
3
4
5
7
8
9
11
29872080
3
4
5
7
8
9
11
29887200
3
4
5
7
8
9
11
29902320
3
4
5
7
8
9
11
29917440
3
4
5
7
8
9
11
29932560
3
4
5
7
8
9
11
29947680
3
4
5
7
8
9
11
29962800
3
4
5
7
8
9
11
29977920
3
4
5
7
8
9
11
13
29995560
3
4
5
7
8
9
11
30010680
3
4
5
7
8
9
11
30025800
3
4
5
7
8
9
11
30040920
3
4
5
7
8
9
11
30056040
3
4
5
7
8
9
11
30071160
3
4
5
7
8
9
11
30086280
3
4
5
7
8
9
11
30101400
3
4
5
7
8
9
11
30116520
3
4
5
7
8
9
11
13
30134160
3
4
5
7
8
9
11
30149280
3
4
5
7
8
9
11
30164400
3
4
5
7
8
9
11
30179520
3
4
5
7
8
9
11
30194640
3
4
5
7
8
9
11
30209760
3
4
5
7
8
9
11
30224880
3
4
5
7
8
9
11
30240000
3
4
5
7
8
9
11
30255120
3
4
5
7
8
9
11
13
30272760
3
4
5
7
8
9
11
30287880
3
4
5
7
8
9
11
30303000
3
4
5
7
8
9
11
30318120
3
4
5
7
8
9
11
30333240
3
4
5
7
8
9
11
30348360
3
4
5
7
8
9
11
30363480
3
4
5
7
8
9
11
30378600
3
4
5
7
8
9
11
30393720
3
4
5
7
8
9
11
13
30411360
3
4
5
7
8
9
11
30426480
3
4
5
7
8
9
11
30441600
3
4
5
7
8
9
11
30456720
3
4
5
7
8
9
11
30471840
3
4
5
7
8
9
11
30486960
3
4
5
7
8
9
11
30502080
3
4
5
7
8
9
11
30517200
3
4
5
7
8
9
11
30532320
3
4
5
7
8
9
11
13
30549960
3
4
5
7
8
9
11
30565080
3
4
5
7
8
9
11
30580200
3
4
5
7
8
9
11
30595320
3
4
5
7
8
9
11
30610440
3
4
5
7
8
9
11
30625560
3
4
5
7
8
9
11
30640680
3
4
5
7
8
9
11
30655800
3
4
5
7
8
9
11
30670920
3
4
5
7
8
9
11
13
30688560
3
4
5
7
8
9
11
30703680
3
4
5
7
8
9
11
30718800
3
4
5
7
8
9
11
30733920
3
4
5
7
8
9
11
30749040
3
4
5
7
8
9
11
30764160
3
4
5
7
8
9
11
30779280
3
4
5
7
8
9
11
30794400
3
4
5
7
8
9
11
30809520
3
4
5
7
8
9
11
13
16
17
30832200
3
4
5
7
8
9
11
30847320
3
4
5
7
8
9
11
30862440
3
4
5
7
8
9
11
30877560
3
4
5
7
8
9
11
30892680
3
4
5
7
8
9
11
13
30910320
3
4
5
7
8
9
11
30925440
3
4
5
7
8
9
11
30940560
3
4
5
7
8
9
11
30955680
3
4
5
7
8
9
11
30970800
3
4
5
7
8
9
11
30985920
3
4
5
7
8
9
11
31001040
3
4
5
7
8
9
11
31016160
3
4
5
7
8
9
11
31031280
3
4
5
7
8
9
11
13
31048920
3
4
5
7
8
9
11
31064040
3
4
5
7
8
9
11
31079160
3
4
5
7
8
9
11
31094280
3
4
5
7
8
9
11
31109400
3
4
5
7
8
9
11
31124520
3
4
5
7
8
9
11
31139640
3
4
5
7
8
9
11
31154760
3
4
5
7
8
9
11
31169880
3
4
5
7
8
9
11
13
16
31190040
3
4
5
7
8
9
11
31205160
3
4
5
7
8
9
11
31220280
3
4
5
7
8
9
11
31235400
3
4
5
7
8
9
11
31250520
3
4
5
7
8
9
11
31265640
3
4
5
7
8
9
11
31280760
3
4
5
7
8
9
11
13
31298400
3
4
5
7
8
9
11
31313520
3
4
5
7
8
9
11
31328640
3
4
5
7
8
9
11
31343760
3
4
5
7
8
9
11
31358880
3
4
5
7
8
9
11
31374000
3
4
5
7
8
9
11
31389120
3
4
5
7
8
9
11
31404240
3
4
5
7
8
9
11
31419360
3
4
5
7
8
9
11
13
31437000
3
4
5
7
8
9
11
31452120
3
4
5
7
8
9
11
31467240
3
4
5
7
8
9
11
31482360
3
4
5
7
8
9
11
31497480
3
4
5
7
8
9
11
31512600
3
4
5
7
8
9
11
31527720
3
4
5
7
8
9
11
31542840
3
4
5
7
8
9
11
31557960
3
4
5
7
8
9
11
13
31575600
3
4
5
7
8
9
11
31590720
3
4
5
7
8
9
11
31605840
3
4
5
7
8
9
11
31620960
3
4
5
7
8
9
11
31636080
3
4
5
7
8
9
11
31651200
3
4
5
7
8
9
11
31666320
3
4
5
7
8
9
11
31681440
3
4
5
7
8
9
11
31696560
3
4
5
7
8
9
11
13
31714200
3
4
5
7
8
9
11
31729320
3
4
5
7
8
9
11
31744440
3
4
5
7
8
9
11
31759560
3
4
5
7
8
9
11
31774680
3
4
5
7
8
9
11
31789800
3
4
5
7
8
9
11
31804920
3
4
5
7
8
9
11
31820040
3
4
5
7
8
9
11
31835160
3
4
5
7
8
9
11
13
31852800
3
4
5
7
8
9
11
31867920
3
4
5
7
8
9
11
31883040
3
4
5
7
8
9
11
31898160
3
4
5
7
8
9
11
31913280
3
4
5
7
8
9
11
31928400
3
4
5
7
8
9
11
31943520
3
4
5
7
8
9
11
31958640
3
4
5
7
8
9
11
31973760
3
4
5
7
8
9
11
13
31991400
3
4
5
7
8
9
11
32006520
3
4
5
7
8
9
11
32021640
3
4
5
7
8
9
11
32036760
3
4
5
7
8
9
11
32051880
3
4
5
7
8
9
11
32067000
3
4
5
7
8
9
11
32082120
3
4
5
7
8
9
11
32097240
3
4
5
7
8
9
11
32112360
3
4
5
7
8
9
11
13
32130000
3
4
5
7
8
9
11
32145120
3
4
5
7
8
9
11
32160240
3
4
5
7
8
9
11
32175360
3
4
5
7
8
9
11
32190480
3
4
5
7
8
9
11
32205600
3
4
5
7
8
9
11
32220720
3
4
5
7
8
9
11
32235840
3
4
5
7
8
9
11
32250960
3
4
5
7
8
9
11
13
16
17
32273640
3
4
5
7
8
9
11
32288760
3
4
5
7
8
9
11
32303880
3
4
5
7
8
9
11
32319000
3
4
5
7
8
9
11
32334120
3
4
5
7
8
9
11
13
32351760
3
4
5
7
8
9
11
32366880
3
4
5
7
8
9
11
32382000
3
4
5
7
8
9
11
32397120
3
4
5
7
8
9
11
32412240
3
4
5
7
8
9
11
32427360
3
4
5
7
8
9
11
32442480
3
4
5
7
8
9
11
32457600
3
4
5
7
8
9
11
32472720
3
4
5
7
8
9
11
13
32490360
3
4
5
7
8
9
11
32505480
3
4
5
7
8
9
11
32520600
3
4
5
7
8
9
11
32535720
3
4
5
7
8
9
11
32550840
3
4
5
7
8
9
11
32565960
3
4
5
7
8
9
11
32581080
3
4
5
7
8
9
11
32596200
3
4
5
7
8
9
11
32611320
3
4
5
7
8
9
11
13
16
32631480
3
4
5
7
8
9
11
32646600
3
4
5
7
8
9
11
32661720
3
4
5
7
8
9
11
32676840
3
4
5
7
8
9
11
32691960
3
4
5
7
8
9
11
32707080
3
4
5
7
8
9
11
32722200
3
4
5
7
8
9
11
13
32739840
3
4
5
7
8
9
11
32754960
3
4
5
7
8
9
11
32770080
3
4
5
7
8
9
11
32785200
3
4
5
7
8
9
11
32800320
3
4
5
7
8
9
11
32815440
3
4
5
7
8
9
11
32830560
3
4
5
7
8
9
11
32845680
3
4
5
7
8
9
11
32860800
3
4
5
7
8
9
11
13
32878440
3
4
5
7
8
9
11
32893560
3
4
5
7
8
9
11
32908680
3
4
5
7
8
9
11
32923800
3
4
5
7
8
9
11
32938920
3
4
5
7
8
9
11
32954040
3
4
5
7
8
9
11
32969160
3
4
5
7
8
9
11
32984280
3
4
5
7
8
9
11
32999400
3
4
5
7
8
9
11
13
33017040
3
4
5
7
8
9
11
33032160
3
4
5
7
8
9
11
33047280
3
4
5
7
8
9
11
33062400
3
4
5
7
8
9
11
33077520
3
4
5
7
8
9
11
33092640
3
4
5
7
8
9
11
33107760
3
4
5
7
8
9
11
33122880
3
4
5
7
8
9
11
33138000
3
4
5
7
8
9
11
13
33155640
3
4
5
7
8
9
11
33170760
3
4
5
7
8
9
11
33185880
3
4
5
7
8
9
11
33201000
3
4
5
7
8
9
11
33216120
3
4
5
7
8
9
11
33231240
3
4
5
7
8
9
11
33246360
3
4
5
7
8
9
11
33261480
3
4
5
7
8
9
11
33276600
3
4
5
7
8
9
11
13
33294240
3
4
5
7
8
9
11
33309360
3
4
5
7
8
9
11
33324480
3
4
5
7
8
9
11
33339600
3
4
5
7
8
9
11
33354720
3
4
5
7
8
9
11
33369840
3
4
5
7
8
9
11
33384960
3
4
5
7
8
9
11
33400080
3
4
5
7
8
9
11
33415200
3
4
5
7
8
9
11
13
33432840
3
4
5
7
8
9
11
33447960
3
4
5
7
8
9
11
33463080
3
4
5
7
8
9
11
33478200
3
4
5
7
8
9
11
33493320
3
4
5
7
8
9
11
33508440
3
4
5
7
8
9
11
33523560
3
4
5
7
8
9
11
33538680
3
4
5
7
8
9
11
33553800
3
4
5
7
8
9
11
13
33571440
3
4
5
7
8
9
11
33586560
3
4
5
7
8
9
11
33601680
3
4
5
7
8
9
11
33616800
3
4
5
7
8
9
11
33631920
3
4
5
7
8
9
11
33647040
3
4
5
7
8
9
11
33662160
3
4
5
7
8
9
11
33677280
3
4
5
7
8
9
11
33692400
3
4
5
7
8
9
11
13
16
17
19
33717600
3
4
5
7
8
9
11
33732720
3
4
5
7
8
9
11
33747840
3
4
5
7
8
9
11
13
33765480
3
4
5
7
8
9
11
33780600
3
4
5
7
8
9
11
33795720
3
4
5
7
8
9
11
33810840
3
4
5
7
8
9
11
33825960
3
4
5
7
8
9
11
33841080
3
4
5
7
8
9
11
33856200
3
4
5
7
8
9
11
33871320
3
4
5
7
8
9
11
33886440
3
4
5
7
8
9
11
13
33904080
3
4
5
7
8
9
11
33919200
3
4
5
7
8
9
11
33934320
3
4
5
7
8
9
11
33949440
3
4
5
7
8
9
11
33964560
3
4
5
7
8
9
11
33979680
3
4
5
7
8
9
11
33994800
3
4
5
7
8
9
11
34009920
3
4
5
7
8
9
11
34025040
3
4
5
7
8
9
11
13
34042680
3
4
5
7
8
9
11
34057800
3
4
5
7
8
9
11
34072920
3
4
5
7
8
9
11
34088040
3
4
5
7
8
9
11
34103160
3
4
5
7
8
9
11
34118280
3
4
5
7
8
9
11
34133400
3
4
5
7
8
9
11
34148520
3
4
5
7
8
9
11
34163640
3
4
5
7
8
9
11
13
34181280
3
4
5
7
8
9
11
34196400
3
4
5
7
8
9
11
34211520
3
4
5
7
8
9
11
34226640
3
4
5
7
8
9
11
34241760
3
4
5
7
8
9
11
34256880
3
4
5
7
8
9
11
34272000
3
4
5
7
8
9
11
34287120
3
4
5
7
8
9
11
34302240
3
4
5
7
8
9
11
13
34319880
3
4
5
7
8
9
11
34335000
3
4
5
7
8
9
11
34350120
3
4
5
7
8
9
11
34365240
3
4
5
7
8
9
11
34380360
3
4
5
7
8
9
11
34395480
3
4
5
7
8
9
11
34410600
3
4
5
7
8
9
11
34425720
3
4
5
7
8
9
11
34440840
3
4
5
7
8
9
11
13
34458480
3
4
5
7
8
9
11
34473600
3
4
5
7
8
9
11
34488720
3
4
5
7
8
9
11
34503840
3
4
5
7
8
9
11
34518960
3
4
5
7
8
9
11
34534080
3
4
5
7
8
9
11
34549200
3
4
5
7
8
9
11
34564320
3
4
5
7
8
9
11
34579440
3
4
5
7
8
9
11
13
34597080
3
4
5
7
8
9
11
34612200
3
4
5
7
8
9
11
34627320
3
4
5
7
8
9
11
34642440
3
4
5
7
8
9
11
34657560
3
4
5
7
8
9
11
34672680
3
4
5
7
8
9
11
34687800
3
4
5
7
8
9
11
34702920
3
4
5
7
8
9
11
34718040
3
4
5
7
8
9
11
13
34735680
3
4
5
7
8
9
11
34750800
3
4
5
7
8
9
11
34765920
3
4
5
7
8
9
11
34781040
3
4
5
7
8
9
11
34796160
3
4
5
7
8
9
11
34811280
3
4
5
7
8
9
11
34826400
3
4
5
7
8
9
11
34841520
3
4
5
7
8
9
11
34856640
3
4
5
7
8
9
11
13
34874280
3
4
5
7
8
9
11
34889400
3
4
5
7
8
9
11
34904520
3
4
5
7
8
9
11
34919640
3
4
5
7
8
9
11
34934760
3
4
5
7
8
9
11
34949880
3
4
5
7
8
9
11
34965000
3
4
5
7
8
9
11
34980120
3
4
5
7
8
9
11
34995240
3
4
5
7
8
9
11
13
35012880
3
4
5
7
8
9
11
35028000
3
4
5
7
8
9
11
35043120
3
4
5
7
8
9
11
35058240
3
4
5
7
8
9
11
35073360
3
4
5
7
8
9
11
35088480
3
4
5
7
8
9
11
35103600
3
4
5
7
8
9
11
35118720
3
4
5
7
8
9
11
35133840
3
4
5
7
8
9
11
13
16
17
35156520
3
4
5
7
8
9
11
35171640
3
4
5
7
8
9
11
35186760
3
4
5
7
8
9
11
35201880
3
4
5
7
8
9
11
35217000
3
4
5
7
8
9
11
13
35234640
3
4
5
7
8
9
11
35249760
3
4
5
7
8
9
11
35264880
3
4
5
7
8
9
11
35280000
3
4
5
7
8
9
11
35295120
3
4
5
7
8
9
11
35310240
3
4
5
7
8
9
11
35325360
3
4
5
7
8
9
11
35340480
3
4
5
7
8
9
11
35355600
3
4
5
7
8
9
11
13
35373240
3
4
5
7
8
9
11
35388360
3
4
5
7
8
9
11
35403480
3
4
5
7
8
9
11
35418600
3
4
5
7
8
9
11
35433720
3
4
5
7
8
9
11
35448840
3
4
5
7
8
9
11
35463960
3
4
5
7
8
9
11
35479080
3
4
5
7
8
9
11
35494200
3
4
5
7
8
9
11
13
16
35514360
3
4
5
7
8
9
11
35529480
3
4
5
7
8
9
11
35544600
3
4
5
7
8
9
11
35559720
3
4
5
7
8
9
11
35574840
3
4
5
7
8
9
11
35589960
3
4
5
7
8
9
11
35605080
3
4
5
7
8
9
11
13
35622720
3
4
5
7
8
9
11
35637840
3
4
5
7
8
9
11
35652960
3
4
5
7
8
9
11
35668080
3
4
5
7
8
9
11
35683200
3
4
5
7
8
9
11
35698320
3
4
5
7
8
9
11
35713440
3
4
5
7
8
9
11
35728560
3
4
5
7
8
9
11
35743680
3
4
5
7
8
9
11
13
35761320
3
4
5
7
8
9
11
35776440
3
4
5
7
8
9
11
35791560
3
4
5
7
8
9
11
35806680
3
4
5
7
8
9
11
35821800
3
4
5
7
8
9
11
35836920
3
4
5
7
8
9
11
35852040
3
4
5
7
8
9
11
35867160
3
4
5
7
8
9
11
35882280
3
4
5
7
8
9
11
13
35899920
3
4
5
7
8
9
11
35915040
3
4
5
7
8
9
11
35930160
3
4
5
7
8
9
11
35945280
3
4
5
7
8
9
11
35960400
3
4
5
7
8
9
11
35975520
3
4
5
7
8
9
11
35990640
3
4
5
7
8
9
11
36005760
3
4
5
7
8
9
11
36020880
3
4
5
7
8
9
11
13
36038520
3
4
5
7
8
9
11
36053640
3
4
5
7
8
9
11
36068760
3
4
5
7
8
9
11
36083880
3
4
5
7
8
9
11
36099000
3
4
5
7
8
9
11
36114120
3
4
5
7
8
9
11
36129240
3
4
5
7
8
9
11
36144360
3
4
5
7
8
9
11
36159480
3
4
5
7
8
9
11
13
36177120
3
4
5
7
8
9
11
36192240
3
4
5
7
8
9
11
36207360
3
4
5
7
8
9
11
36222480
3
4
5
7
8
9
11
36237600
3
4
5
7
8
9
11
36252720
3
4
5
7
8
9
11
36267840
3
4
5
7
8
9
11
36282960
3
4
5
7
8
9
11
36298080
3
4
5
7
8
9
11
13
36315720
3
4
5
7
8
9
11
36330840
3
4
5
7
8
9
11
36345960
3
4
5
7
8
9
11
36361080
3
4
5
7
8
9
11
36376200
3
4
5
7
8
9
11
36391320
3
4
5
7
8
9
11
36406440
3
4
5
7
8
9
11
36421560
3
4
5
7
8
9
11
36436680
3
4
5
7
8
9
11
13
36454320
3
4
5
7
8
9
11
36469440
3
4
5
7
8
9
11
36484560
3
4
5
7
8
9
11
36499680
3
4
5
7
8
9
11
36514800
3
4
5
7
8
9
11
36529920
3
4
5
7
8
9
11
36545040
3
4
5
7
8
9
11
36560160
3
4
5
7
8
9
11
36575280
3
4
5
7
8
9
11
13
16
17
36597960
3
4
5
7
8
9
11
36613080
3
4
5
7
8
9
11
36628200
3
4
5
7
8
9
11
36643320
3
4
5
7
8
9
11
36658440
3
4
5
7
8
9
11
13
36676080
3
4
5
7
8
9
11
36691200
3
4
5
7
8
9
11
36706320
3
4
5
7
8
9
11
36721440
3
4
5
7
8
9
11
36736560
3
4
5
7
8
9
11
36751680
3
4
5
7
8
9
11
36766800
3
4
5
7
8
9
11
36781920
3
4
5
7
8
9
11
36797040
3
4
5
7
8
9
11
13
36814680
3
4
5
7
8
9
11
36829800
3
4
5
7
8
9
11
36844920
3
4
5
7
8
9
11
36860040
3
4
5
7
8
9
11
36875160
3
4
5
7
8
9
11
36890280
3
4
5
7
8
9
11
36905400
3
4
5
7
8
9
11
36920520
3
4
5
7
8
9
11
36935640
3
4
5
7
8
9
11
13
16
36955800
3
4
5
7
8
9
11
36970920
3
4
5
7
8
9
11
36986040
3
4
5
7
8
9
11
37001160
3
4
5
7
8
9
11
37016280
3
4
5
7
8
9
11
37031400
3
4
5
7
8
9
11
37046520
3
4
5
7
8
9
11
13
37064160
3
4
5
7
8
9
11
37079280
3
4
5
7
8
9
11
37094400
3
4
5
7
8
9
11
37109520
3
4
5
7
8
9
11
37124640
3
4
5
7
8
9
11
37139760
3
4
5
7
8
9
11
37154880
3
4
5
7
8
9
11
37170000
3
4
5
7
8
9
11
37185120
3
4
5
7
8
9
11
13
37202760
3
4
5
7
8
9
11
37217880
3
4
5
7
8
9
11
37233000
3
4
5
7
8
9
11
37248120
3
4
5
7
8
9
11
37263240
3
4
5
7
8
9
11
37278360
3
4
5
7
8
9
11
37293480
3
4
5
7
8
9
11
37308600
3
4
5
7
8
9
11
37323720
3
4
5
7
8
9
11
13
37341360
3
4
5
7
8
9
11
37356480
3
4
5
7
8
9
11
37371600
3
4
5
7
8
9
11
37386720
3
4
5
7
8
9
11
37401840
3
4
5
7
8
9
11
37416960
3
4
5
7
8
9
11
37432080
3
4
5
7
8
9
11
37447200
3
4
5
7
8
9
11
37462320
3
4
5
7
8
9
11
13
37479960
3
4
5
7
8
9
11
37495080
3
4
5
7
8
9
11
37510200
3
4
5
7
8
9
11
37525320
3
4
5
7
8
9
11
37540440
3
4
5
7
8
9
11
37555560
3
4
5
7
8
9
11
37570680
3
4
5
7
8
9
11
37585800
3
4
5
7
8
9
11
37600920
3
4
5
7
8
9
11
13
37618560
3
4
5
7
8
9
11
37633680
3
4
5
7
8
9
11
37648800
3
4
5
7
8
9
11
37663920
3
4
5
7
8
9
11
37679040
3
4
5
7
8
9
11
37694160
3
4
5
7
8
9
11
37709280
3
4
5
7
8
9
11
37724400
3
4
5
7
8
9
11
37739520
3
4
5
7
8
9
11
13
37757160
3
4
5
7
8
9
11
37772280
3
4
5
7
8
9
11
37787400
3
4
5
7
8
9
11
37802520
3
4
5
7
8
9
11
37817640
3
4
5
7
8
9
11
37832760
3
4
5
7
8
9
11
37847880
3
4
5
7
8
9
11
37863000
3
4
5
7
8
9
11
37878120
3
4
5
7
8
9
11
13
37895760
3
4
5
7
8
9
11
37910880
3
4
5
7
8
9
11
37926000
3
4
5
7
8
9
11
37941120
3
4
5
7
8
9
11
37956240
3
4
5
7
8
9
11
37971360
3
4
5
7
8
9
11
37986480
3
4
5
7
8
9
11
38001600
3
4
5
7
8
9
11
38016720
3
4
5
7
8
9
11
13
16
17
38039400
3
4
5
7
8
9
11
38054520
3
4
5
7
8
9
11
38069640
3
4
5
7
8
9
11
38084760
3
4
5
7
8
9
11
38099880
3
4
5
7
8
9
11
13
38117520
3
4
5
7
8
9
11
38132640
3
4
5
7
8
9
11
38147760
3
4
5
7
8
9
11
38162880
3
4
5
7
8
9
11
38178000
3
4
5
7
8
9
11
38193120
3
4
5
7
8
9
11
38208240
3
4
5
7
8
9
11
38223360
3
4
5
7
8
9
11
38238480
3
4
5
7
8
9
11
13
38256120
3
4
5
7
8
9
11
38271240
3
4
5
7
8
9
11
38286360
3
4
5
7
8
9
11
38301480
3
4
5
7
8
9
11
38316600
3
4
5
7
8
9
11
38331720
3
4
5
7
8
9
11
38346840
3
4
5
7
8
9
11
38361960
3
4
5
7
8
9
11
38377080
3
4
5
7
8
9
11
13
16
38397240
3
4
5
7
8
9
11
38412360
3
4
5
7
8
9
11
38427480
3
4
5
7
8
9
11
38442600
3
4
5
7
8
9
11
38457720
3
4
5
7
8
9
11
38472840
3
4
5
7
8
9
11
38487960
3
4
5
7
8
9
11
13
38505600
3
4
5
7
8
9
11
38520720
3
4
5
7
8
9
11
38535840
3
4
5
7
8
9
11
38550960
3
4
5
7
8
9
11
38566080
3
4
5
7
8
9
11
38581200
3
4
5
7
8
9
11
38596320
3
4
5
7
8
9
11
38611440
3
4
5
7
8
9
11
38626560
3
4
5
7
8
9
11
13
38644200
3
4
5
7
8
9
11
38659320
3
4
5
7
8
9
11
38674440
3
4
5
7
8
9
11
38689560
3
4
5
7
8
9
11
38704680
3
4
5
7
8
9
11
38719800
3
4
5
7
8
9
11
38734920
3
4
5
7
8
9
11
38750040
3
4
5
7
8
9
11
38765160
3
4
5
7
8
9
11
13
38782800
3
4
5
7
8
9
11
38797920
3
4
5
7
8
9
11
38813040
3
4
5
7
8
9
11
38828160
3
4
5
7
8
9
11
38843280
3
4
5
7
8
9
11
38858400
3
4
5
7
8
9
11
38873520
3
4
5
7
8
9
11
38888640
3
4
5
7
8
9
11
38903760
3
4
5
7
8
9
11
13
38921400
3
4
5
7
8
9
11
38936520
3
4
5
7
8
9
11
38951640
3
4
5
7
8
9
11
38966760
3
4
5
7
8
9
11
38981880
3
4
5
7
8
9
11
38997000
3
4
5
7
8
9
11
39012120
3
4
5
7
8
9
11
39027240
3
4
5
7
8
9
11
39042360
3
4
5
7
8
9
11
13
39060000
3
4
5
7
8
9
11
39075120
3
4
5
7
8
9
11
39090240
3
4
5
7
8
9
11
39105360
3
4
5
7
8
9
11
39120480
3
4
5
7
8
9
11
39135600
3
4
5
7
8
9
11
39150720
3
4
5
7
8
9
11
39165840
3
4
5
7
8
9
11
39180960
3
4
5
7
8
9
11
13
39198600
3
4
5
7
8
9
11
39213720
3
4
5
7
8
9
11
39228840
3
4
5
7
8
9
11
39243960
3
4
5
7
8
9
11
39259080
3
4
5
7
8
9
11
39274200
3
4
5
7
8
9
11
39289320
3
4
5
7
8
9
11
39304440
3
4
5
7
8
9
11
39319560
3
4
5
7
8
9
11
13
39337200
3
4
5
7
8
9
11
39352320
3
4
5
7
8
9
11
39367440
3
4
5
7
8
9
11
39382560
3
4
5
7
8
9
11
39397680
3
4
5
7
8
9
11
39412800
3
4
5
7
8
9
11
39427920
3
4
5
7
8
9
11
39443040
3
4
5
7
8
9
11
39458160
3
4
5
7
8
9
11
13
16
17
39480840
3
4
5
7
8
9
11
39495960
3
4
5
7
8
9
11
39511080
3
4
5
7
8
9
11
39526200
3
4
5
7
8
9
11
39541320
3
4
5
7
8
9
11
13
39558960
3
4
5
7
8
9
11
39574080
3
4
5
7
8
9
11
39589200
3
4
5
7
8
9
11
39604320
3
4
5
7
8
9
11
39619440
3
4
5
7
8
9
11
39634560
3
4
5
7
8
9
11
39649680
3
4
5
7
8
9
11
39664800
3
4
5
7
8
9
11
39679920
3
4
5
7
8
9
11
13
39697560
3
4
5
7
8
9
11
39712680
3
4
5
7
8
9
11
39727800
3
4
5
7
8
9
11
39742920
3
4
5
7
8
9
11
39758040
3
4
5
7
8
9
11
39773160
3
4
5
7
8
9
11
39788280
3
4
5
7
8
9
11
39803400
3
4
5
7
8
9
11
39818520
3
4
5
7
8
9
11
13
16
39838680
3
4
5
7
8
9
11
39853800
3
4
5
7
8
9
11
39868920
3
4
5
7
8
9
11
39884040
3
4
5
7
8
9
11
39899160
3
4
5
7
8
9
11
39914280
3
4
5
7
8
9
11
39929400
3
4
5
7
8
9
11
13
39947040
3
4
5
7
8
9
11
39962160
3
4
5
7
8
9
11
39977280
3
4
5
7
8
9
11
39992400
3
4
5
7
8
9
11
40007520
3
4
5
7
8
9
11
40022640
3
4
5
7
8
9
11
40037760
3
4
5
7
8
9
11
40052880
3
4
5
7
8
9
11
40068000
3
4
5
7
8
9
11
13
40085640
3
4
5
7
8
9
11
40100760
3
4
5
7
8
9
11
40115880
3
4
5
7
8
9
11
40131000
3
4
5
7
8
9
11
40146120
3
4
5
7
8
9
11
40161240
3
4
5
7
8
9
11
40176360
3
4
5
7
8
9
11
40191480
3
4
5
7
8
9
11
40206600
3
4
5
7
8
9
11
13
40224240
3
4
5
7
8
9
11
40239360
3
4
5
7
8
9
11
40254480
3
4
5
7
8
9
11
40269600
3
4
5
7
8
9
11
40284720
3
4
5
7
8
9
11
40299840
3
4
5
7
8
9
11
40314960
3
4
5
7
8
9
11
40330080
3
4
5
7
8
9
11
40345200
3
4
5
7
8
9
11
13
40362840
3
4
5
7
8
9
11
40377960
3
4
5
7
8
9
11
40393080
3
4
5
7
8
9
11
40408200
3
4
5
7
8
9
11
40423320
3
4
5
7
8
9
11
40438440
3
4
5
7
8
9
11
40453560
3
4
5
7
8
9
11
40468680
3
4
5
7
8
9
11
40483800
3
4
5
7
8
9
11
13
40501440
3
4
5
7
8
9
11
40516560
3
4
5
7
8
9
11
40531680
3
4
5
7
8
9
11
40546800
3
4
5
7
8
9
11
40561920
3
4
5
7
8
9
11
40577040
3
4
5
7
8
9
11
40592160
3
4
5
7
8
9
11
40607280
3
4
5
7
8
9
11
40622400
3
4
5
7
8
9
11
13
40640040
3
4
5
7
8
9
11
40655160
3
4
5
7
8
9
11
40670280
3
4
5
7
8
9
11
40685400
3
4
5
7
8
9
11
40700520
3
4
5
7
8
9
11
40715640
3
4
5
7
8
9
11
40730760
3
4
5
7
8
9
11
40745880
3
4
5
7
8
9
11
40761000
3
4
5
7
8
9
11
13
40778640
3
4
5
7
8
9
11
40793760
3
4
5
7
8
9
11
40808880
3
4
5
7
8
9
11
40824000
3
4
5
7
8
9
11
40839120
3
4
5
7
8
9
11
40854240
3
4
5
7
8
9
11
40869360
3
4
5
7
8
9
11
40884480
3
4
5
7
8
9
11
40899600
3
4
5
7
8
9
11
13
16
17
40922280
3
4
5
7
8
9
11
40937400
3
4
5
7
8
9
11
40952520
3
4
5
7
8
9
11
40967640
3
4
5
7
8
9
11
40982760
3
4
5
7
8
9
11
13
41000400
3
4
5
7
8
9
11
41015520
3
4
5
7
8
9
11
41030640
3
4
5
7
8
9
11
41045760
3
4
5
7
8
9
11
41060880
3
4
5
7
8
9
11
41076000
3
4
5
7
8
9
11
41091120
3
4
5
7
8
9
11
41106240
3
4
5
7
8
9
11
41121360
3
4
5
7
8
9
11
13
41139000
3
4
5
7
8
9
11
41154120
3
4
5
7
8
9
11
41169240
3
4
5
7
8
9
11
41184360
3
4
5
7
8
9
11
41199480
3
4
5
7
8
9
11
41214600
3
4
5
7
8
9
11
41229720
3
4
5
7
8
9
11
41244840
3
4
5
7
8
9
11
41259960
3
4
5
7
8
9
11
13
16
41280120
3
4
5
7
8
9
11
41295240
3
4
5
7
8
9
11
41310360
3
4
5
7
8
9
11
41325480
3
4
5
7
8
9
11
41340600
3
4
5
7
8
9
11
41355720
3
4
5
7
8
9
11
41370840
3
4
5
7
8
9
11
13
41388480
3
4
5
7
8
9
11
41403600
3
4
5
7
8
9
11
41418720
3
4
5
7
8
9
11
41433840
3
4
5
7
8
9
11
41448960
3
4
5
7
8
9
11
41464080
3
4
5
7
8
9
11
41479200
3
4
5
7
8
9
11
41494320
3
4
5
7
8
9
11
41509440
3
4
5
7
8
9
11
13
41527080
3
4
5
7
8
9
11
41542200
3
4
5
7
8
9
11
41557320
3
4
5
7
8
9
11
41572440
3
4
5
7
8
9
11
41587560
3
4
5
7
8
9
11
41602680
3
4
5
7
8
9
11
41617800
3
4
5
7
8
9
11
41632920
3
4
5
7
8
9
11
41648040
3
4
5
7
8
9
11
13
41665680
3
4
5
7
8
9
11
41680800
3
4
5
7
8
9
11
41695920
3
4
5
7
8
9
11
41711040
3
4
5
7
8
9
11
41726160
3
4
5
7
8
9
11
41741280
3
4
5
7
8
9
11
41756400
3
4
5
7
8
9
11
41771520
3
4
5
7
8
9
11
41786640
3
4
5
7
8
9
11
13
41804280
3
4
5
7
8
9
11
41819400
3
4
5
7
8
9
11
41834520
3
4
5
7
8
9
11
41849640
3
4
5
7
8
9
11
41864760
3
4
5
7
8
9
11
41879880
3
4
5
7
8
9
11
41895000
3
4
5
7
8
9
11
41910120
3
4
5
7
8
9
11
41925240
3
4
5
7
8
9
11
13
41942880
3
4
5
7
8
9
11
41958000
3
4
5
7
8
9
11
41973120
3
4
5
7
8
9
11
41988240
3
4
5
7
8
9
11
42003360
3
4
5
7
8
9
11
42018480
3
4
5
7
8
9
11
42033600
3
4
5
7
8
9
11
42048720
3
4
5
7
8
9
11
42063840
3
4
5
7
8
9
11
13
42081480
3
4
5
7
8
9
11
42096600
3
4
5
7
8
9
11
42111720
3
4
5
7
8
9
11
42126840
3
4
5
7
8
9
11
42141960
3
4
5
7
8
9
11
42157080
3
4
5
7
8
9
11
42172200
3
4
5
7
8
9
11
42187320
3
4
5
7
8
9
11
42202440
3
4
5
7
8
9
11
13
42220080
3
4
5
7
8
9
11
42235200
3
4
5
7
8
9
11
42250320
3
4
5
7
8
9
11
42265440
3
4
5
7
8
9
11
42280560
3
4
5
7
8
9
11
42295680
3
4
5
7
8
9
11
42310800
3
4
5
7
8
9
11
42325920
3
4
5
7
8
9
11
42341040
3
4
5
7
8
9
11
13
16
17
42363720
3
4
5
7
8
9
11
42378840
3
4
5
7
8
9
11
42393960
3
4
5
7
8
9
11
42409080
3
4
5
7
8
9
11
42424200
3
4
5
7
8
9
11
13
42441840
3
4
5
7
8
9
11
42456960
3
4
5
7
8
9
11
42472080
3
4
5
7
8
9
11
42487200
3
4
5
7
8
9
11
42502320
3
4
5
7
8
9
11
42517440
3
4
5
7
8
9
11
42532560
3
4
5
7
8
9
11
42547680
3
4
5
7
8
9
11
42562800
3
4
5
7
8
9
11
13
42580440
3
4
5
7
8
9
11
42595560
3
4
5
7
8
9
11
42610680
3
4
5
7
8
9
11
42625800
3
4
5
7
8
9
11
42640920
3
4
5
7
8
9
11
42656040
3
4
5
7
8
9
11
42671160
3
4
5
7
8
9
11
42686280
3
4
5
7
8
9
11
42701400
3
4
5
7
8
9
11
13
16
42721560
3
4
5
7
8
9
11
42736680
3
4
5
7
8
9
11
42751800
3
4
5
7
8
9
11
42766920
3
4
5
7
8
9
11
42782040
3
4
5
7
8
9
11
42797160
3
4
5
7
8
9
11
42812280
3
4
5
7
8
9
11
13
42829920
3
4
5
7
8
9
11
42845040
3
4
5
7
8
9
11
42860160
3
4
5
7
8
9
11
42875280
3
4
5
7
8
9
11
42890400
3
4
5
7
8
9
11
42905520
3
4
5
7
8
9
11
42920640
3
4
5
7
8
9
11
42935760
3
4
5
7
8
9
11
42950880
3
4
5
7
8
9
11
13
42968520
3
4
5
7
8
9
11
42983640
3
4
5
7
8
9
11
42998760
3
4
5
7
8
9
11
43013880
3
4
5
7
8
9
11
43029000
3
4
5
7
8
9
11
43044120
3
4
5
7
8
9
11
43059240
3
4
5
7
8
9
11
43074360
3
4
5
7
8
9
11
43089480
3
4
5
7
8
9
11
13
43107120
3
4
5
7
8
9
11
43122240
3
4
5
7
8
9
11
43137360
3
4
5
7
8
9
11
43152480
3
4
5
7
8
9
11
43167600
3
4
5
7
8
9
11
43182720
3
4
5
7
8
9
11
43197840
3
4
5
7
8
9
11
43212960
3
4
5
7
8
9
11
43228080
3
4
5
7
8
9
11
13
43245720
3
4
5
7
8
9
11
43260840
3
4
5
7
8
9
11
43275960
3
4
5
7
8
9
11
43291080
3
4
5
7
8
9
11
43306200
3
4
5
7
8
9
11
43321320
3
4
5
7
8
9
11
43336440
3
4
5
7
8
9
11
43351560
3
4
5
7
8
9
11
43366680
3
4
5
7
8
9
11
13
43384320
3
4
5
7
8
9
11
43399440
3
4
5
7
8
9
11
43414560
3
4
5
7
8
9
11
43429680
3
4
5
7
8
9
11
43444800
3
4
5
7
8
9
11
43459920
3
4
5
7
8
9
11
43475040
3
4
5
7
8
9
11
43490160
3
4
5
7
8
9
11
43505280
3
4
5
7
8
9
11
13
43522920
3
4
5
7
8
9
11
43538040
3
4
5
7
8
9
11
43553160
3
4
5
7
8
9
11
43568280
3
4
5
7
8
9
11
43583400
3
4
5
7
8
9
11
43598520
3
4
5
7
8
9
11
43613640
3
4
5
7
8
9
11
43628760
3
4
5
7
8
9
11
43643880
3
4
5
7
8
9
11
13
43661520
3
4
5
7
8
9
11
43676640
3
4
5
7
8
9
11
43691760
3
4
5
7
8
9
11
43706880
3
4
5
7
8
9
11
43722000
3
4
5
7
8
9
11
43737120
3
4
5
7
8
9
11
43752240
3
4
5
7
8
9
11
43767360
3
4
5
7
8
9
11
43782480
3
4
5
7
8
9
11
13
16
17
43805160
3
4
5
7
8
9
11
43820280
3
4
5
7
8
9
11
43835400
3
4
5
7
8
9
11
43850520
3
4
5
7
8
9
11
43865640
3
4
5
7
8
9
11
13
43883280
3
4
5
7
8
9
11
43898400
3
4
5
7
8
9
11
43913520
3
4
5
7
8
9
11
43928640
3
4
5
7
8
9
11
43943760
3
4
5
7
8
9
11
43958880
3
4
5
7
8
9
11
43974000
3
4
5
7
8
9
11
43989120
3
4
5
7
8
9
11
44004240
3
4
5
7
8
9
11
13
44021880
3
4
5
7
8
9
11
44037000
3
4
5
7
8
9
11
44052120
3
4
5
7
8
9
11
44067240
3
4
5
7
8
9
11
44082360
3
4
5
7
8
9
11
44097480
3
4
5
7
8
9
11
44112600
3
4
5
7
8
9
11
44127720
3
4
5
7
8
9
11
44142840
3
4
5
7
8
9
11
13
16
44163000
3
4
5
7
8
9
11
44178120
3
4
5
7
8
9
11
44193240
3
4
5
7
8
9
11
44208360
3
4
5
7
8
9
11
44223480
3
4
5
7
8
9
11
44238600
3
4
5
7
8
9
11
44253720
3
4
5
7
8
9
11
13
44271360
3
4
5
7
8
9
11
44286480
3
4
5
7
8
9
11
44301600
3
4
5
7
8
9
11
44316720
3
4
5
7
8
9
11
44331840
3
4
5
7
8
9
11
44346960
3
4
5
7
8
9
11
44362080
3
4
5
7
8
9
11
44377200
3
4
5
7
8
9
11
44392320
3
4
5
7
8
9
11
13
44409960
3
4
5
7
8
9
11
44425080
3
4
5
7
8
9
11
44440200
3
4
5
7
8
9
11
44455320
3
4
5
7
8
9
11
44470440
3
4
5
7
8
9
11
44485560
3
4
5
7
8
9
11
44500680
3
4
5
7
8
9
11
44515800
3
4
5
7
8
9
11
44530920
3
4
5
7
8
9
11
13
44548560
3
4
5
7
8
9
11
44563680
3
4
5
7
8
9
11
44578800
3
4
5
7
8
9
11
44593920
3
4
5
7
8
9
11
44609040
3
4
5
7
8
9
11
44624160
3
4
5
7
8
9
11
44639280
3
4
5
7
8
9
11
44654400
3
4
5
7
8
9
11
44669520
3
4
5
7
8
9
11
13
44687160
3
4
5
7
8
9
11
44702280
3
4
5
7
8
9
11
44717400
3
4
5
7
8
9
11
44732520
3
4
5
7
8
9
11
44747640
3
4
5
7
8
9
11
44762760
3
4
5
7
8
9
11
44777880
3
4
5
7
8
9
11
44793000
3
4
5
7
8
9
11
44808120
3
4
5
7
8
9
11
13
44825760
3
4
5
7
8
9
11
44840880
3
4
5
7
8
9
11
44856000
3
4
5
7
8
9
11
44871120
3
4
5
7
8
9
11
44886240
3
4
5
7
8
9
11
44901360
3
4
5
7
8
9
11
44916480
3
4
5
7
8
9
11
44931600
3
4
5
7
8
9
11
44946720
3
4
5
7
8
9
11
13
44964360
3
4
5
7
8
9
11
44979480
3
4
5
7
8
9
11
44994600
3
4
5
7
8
9
11
45009720
3
4
5
7
8
9
11
45024840
3
4
5
7
8
9
11
45039960
3
4
5
7
8
9
11
45055080
3
4
5
7
8
9
11
45070200
3
4
5
7
8
9
11
45085320
3
4
5
7
8
9
11
13
45102960
3
4
5
7
8
9
11
45118080
3
4
5
7
8
9
11
45133200
3
4
5
7
8
9
11
45148320
3
4
5
7
8
9
11
45163440
3
4
5
7
8
9
11
45178560
3
4
5
7
8
9
11
45193680
3
4
5
7
8
9
11
45208800
3
4
5
7
8
9
11
45223920
3
4
5
7
8
9
11
13
16
17
45246600
3
4
5
7
8
9
11
45261720
3
4
5
7
8
9
11
45276840
3
4
5
7
8
9
11
45291960
3
4
5
7
8
9
11
45307080
3
4
5
7
8
9
11
13
45324720
3
4
5
7
8
9
11
45339840
3
4
5
7
8
9
11
45354960
3
4
5
7
8
9
11
45370080
3
4
5
7
8
9
11
45385200
3
4
5
7
8
9
11
45400320
3
4
5
7
8
9
11
45415440
3
4
5
7
8
9
11
45430560
3
4
5
7
8
9
11
45445680
3
4
5
7
8
9
11
13
45463320
3
4
5
7
8
9
11
45478440
3
4
5
7
8
9
11
45493560
3
4
5
7
8
9
11
45508680
3
4
5
7
8
9
11
45523800
3
4
5
7
8
9
11
45538920
3
4
5
7
8
9
11
45554040
3
4
5
7
8
9
11
45569160
3
4
5
7
8
9
11
45584280
3
4
5
7
8
9
11
13
16
45604440
3
4
5
7
8
9
11
45619560
3
4
5
7
8
9
11
45634680
3
4
5
7
8
9
11
45649800
3
4
5
7
8
9
11
45664920
3
4
5
7
8
9
11
45680040
3
4
5
7
8
9
11
45695160
3
4
5
7
8
9
11
13
45712800
3
4
5
7
8
9
11
45727920
3
4
5
7
8
9
11
45743040
3
4
5
7
8
9
11
45758160
3
4
5
7
8
9
11
45773280
3
4
5
7
8
9
11
45788400
3
4
5
7
8
9
11
45803520
3
4
5
7
8
9
11
45818640
3
4
5
7
8
9
11
45833760
3
4
5
7
8
9
11
13
45851400
3
4
5
7
8
9
11
45866520
3
4
5
7
8
9
11
45881640
3
4
5
7
8
9
11
45896760
3
4
5
7
8
9
11
45911880
3
4
5
7
8
9
11
45927000
3
4
5
7
8
9
11
45942120
3
4
5
7
8
9
11
45957240
3
4
5
7
8
9
11
45972360
3
4
5
7
8
9
11
13
45990000
3
4
5
7
8
9
11
46005120
3
4
5
7
8
9
11
46020240
3
4
5
7
8
9
11
46035360
3
4
5
7
8
9
11
46050480
3
4
5
7
8
9
11
46065600
3
4
5
7
8
9
11
46080720
3
4
5
7
8
9
11
46095840
3
4
5
7
8
9
11
46110960
3
4
5
7
8
9
11
13
46128600
3
4
5
7
8
9
11
46143720
3
4
5
7
8
9
11
46158840
3
4
5
7
8
9
11
46173960
3
4
5
7
8
9
11
46189080
3
4
5
7
8
9
11
46204200
3
4
5
7
8
9
11
46219320
3
4
5
7
8
9
11
46234440
3
4
5
7
8
9
11
46249560
3
4
5
7
8
9
11
13
46267200
3
4
5
7
8
9
11
46282320
3
4
5
7
8
9
11
46297440
3
4
5
7
8
9
11
46312560
3
4
5
7
8
9
11
46327680
3
4
5
7
8
9
11
46342800
3
4
5
7
8
9
11
46357920
3
4
5
7
8
9
11
46373040
3
4
5
7
8
9
11
46388160
3
4
5
7
8
9
11
13
46405800
3
4
5
7
8
9
11
46420920
3
4
5
7
8
9
11
46436040
3
4
5
7
8
9
11
46451160
3
4
5
7
8
9
11
46466280
3
4
5
7
8
9
11
46481400
3
4
5
7
8
9
11
46496520
3
4
5
7
8
9
11
46511640
3
4
5
7
8
9
11
46526760
3
4
5
7
8
9
11
13
46544400
3
4
5
7
8
9
11
46559520
3
4
5
7
8
9
11
46574640
3
4
5
7
8
9
11
46589760
3
4
5
7
8
9
11
46604880
3
4
5
7
8
9
11
46620000
3
4
5
7
8
9
11
46635120
3
4
5
7
8
9
11
46650240
3
4
5
7
8
9
11
46665360
3
4
5
7
8
9
11
13
16
17
46688040
3
4
5
7
8
9
11
46703160
3
4
5
7
8
9
11
46718280
3
4
5
7
8
9
11
46733400
3
4
5
7
8
9
11
46748520
3
4
5
7
8
9
11
13
46766160
3
4
5
7
8
9
11
46781280
3
4
5
7
8
9
11
46796400
3
4
5
7
8
9
11
46811520
3
4
5
7
8
9
11
46826640
3
4
5
7
8
9
11
46841760
3
4
5
7
8
9
11
46856880
3
4
5
7
8
9
11
46872000
3
4
5
7
8
9
11
46887120
3
4
5
7
8
9
11
13
46904760
3
4
5
7
8
9
11
46919880
3
4
5
7
8
9
11
46935000
3
4
5
7
8
9
11
46950120
3
4
5
7
8
9
11
46965240
3
4
5
7
8
9
11
46980360
3
4
5
7
8
9
11
46995480
3
4
5
7
8
9
11
47010600
3
4
5
7
8
9
11
47025720
3
4
5
7
8
9
11
13
16
47045880
3
4
5
7
8
9
11
47061000
3
4
5
7
8
9
11
47076120
3
4
5
7
8
9
11
47091240
3
4
5
7
8
9
11
47106360
3
4
5
7
8
9
11
47121480
3
4
5
7
8
9
11
47136600
3
4
5
7
8
9
11
13
47154240
3
4
5
7
8
9
11
47169360
3
4
5
7
8
9
11
47184480
3
4
5
7
8
9
11
47199600
3
4
5
7
8
9
11
47214720
3
4
5
7
8
9
11
47229840
3
4
5
7
8
9
11
47244960
3
4
5
7
8
9
11
47260080
3
4
5
7
8
9
11
47275200
3
4
5
7
8
9
11
13
47292840
3
4
5
7
8
9
11
47307960
3
4
5
7
8
9
11
47323080
3
4
5
7
8
9
11
47338200
3
4
5
7
8
9
11
47353320
3
4
5
7
8
9
11
47368440
3
4
5
7
8
9
11
47383560
3
4
5
7
8
9
11
47398680
3
4
5
7
8
9
11
47413800
3
4
5
7
8
9
11
13
47431440
3
4
5
7
8
9
11
47446560
3
4
5
7
8
9
11
47461680
3
4
5
7
8
9
11
47476800
3
4
5
7
8
9
11
47491920
3
4
5
7
8
9
11
47507040
3
4
5
7
8
9
11
47522160
3
4
5
7
8
9
11
47537280
3
4
5
7
8
9
11
47552400
3
4
5
7
8
9
11
13
47570040
3
4
5
7
8
9
11
47585160
3
4
5
7
8
9
11
47600280
3
4
5
7
8
9
11
47615400
3
4
5
7
8
9
11
47630520
3
4
5
7
8
9
11
47645640
3
4
5
7
8
9
11
47660760
3
4
5
7
8
9
11
47675880
3
4
5
7
8
9
11
47691000
3
4
5
7
8
9
11
13
47708640
3
4
5
7
8
9
11
47723760
3
4
5
7
8
9
11
47738880
3
4
5
7
8
9
11
47754000
3
4
5
7
8
9
11
47769120
3
4
5
7
8
9
11
47784240
3
4
5
7
8
9
11
47799360
3
4
5
7
8
9
11
47814480
3
4
5
7
8
9
11
47829600
3
4
5
7
8
9
11
13
47847240
3
4
5
7
8
9
11
47862360
3
4
5
7
8
9
11
47877480
3
4
5
7
8
9
11
47892600
3
4
5
7
8
9
11
47907720
3
4
5
7
8
9
11
47922840
3
4
5
7
8
9
11
47937960
3
4
5
7
8
9
11
47953080
3
4
5
7
8
9
11
47968200
3
4
5
7
8
9
11
13
47985840
3
4
5
7
8
9
11
48000960
3
4
5
7
8
9
11
48016080
3
4
5
7
8
9
11
48031200
3
4
5
7
8
9
11
48046320
3
4
5
7
8
9
11
48061440
3
4
5
7
8
9
11
48076560
3
4
5
7
8
9
11
48091680
3
4
5
7
8
9
11
48106800
3
4
5
7
8
9
11
13
16
17
48129480
3
4
5
7
8
9
11
48144600
3
4
5
7
8
9
11
48159720
3
4
5
7
8
9
11
48174840
3
4
5
7
8
9
11
48189960
3
4
5
7
8
9
11
13
48207600
3
4
5
7
8
9
11
48222720
3
4
5
7
8
9
11
48237840
3
4
5
7
8
9
11
48252960
3
4
5
7
8
9
11
48268080
3
4
5
7
8
9
11
48283200
3
4
5
7
8
9
11
48298320
3
4
5
7
8
9
11
48313440
3
4
5
7
8
9
11
48328560
3
4
5
7
8
9
11
13
48346200
3
4
5
7
8
9
11
48361320
3
4
5
7
8
9
11
48376440
3
4
5
7
8
9
11
48391560
3
4
5
7
8
9
11
48406680
3
4
5
7
8
9
11
48421800
3
4
5
7
8
9
11
48436920
3
4
5
7
8
9
11
48452040
3
4
5
7
8
9
11
48467160
3
4
5
7
8
9
11
13
16
48487320
3
4
5
7
8
9
11
48502440
3
4
5
7
8
9
11
48517560
3
4
5
7
8
9
11
48532680
3
4
5
7
8
9
11
48547800
3
4
5
7
8
9
11
48562920
3
4
5
7
8
9
11
48578040
3
4
5
7
8
9
11
13
48595680
3
4
5
7
8
9
11
48610800
3
4
5
7
8
9
11
48625920
3
4
5
7
8
9
11
48641040
3
4
5
7
8
9
11
48656160
3
4
5
7
8
9
11
48671280
3
4
5
7
8
9
11
48686400
3
4
5
7
8
9
11
48701520
3
4
5
7
8
9
11
48716640
3
4
5
7
8
9
11
13
48734280
3
4
5
7
8
9
11
48749400
3
4
5
7
8
9
11
48764520
3
4
5
7
8
9
11
48779640
3
4
5
7
8
9
11
48794760
3
4
5
7
8
9
11
48809880
3
4
5
7
8
9
11
48825000
3
4
5
7
8
9
11
48840120
3
4
5
7
8
9
11
48855240
3
4
5
7
8
9
11
13
48872880
3
4
5
7
8
9
11
48888000
3
4
5
7
8
9
11
48903120
3
4
5
7
8
9
11
48918240
3
4
5
7
8
9
11
48933360
3
4
5
7
8
9
11
48948480
3
4
5
7
8
9
11
48963600
3
4
5
7
8
9
11
48978720
3
4
5
7
8
9
11
48993840
3
4
5
7
8
9
11
13
49011480
3
4
5
7
8
9
11
49026600
3
4
5
7
8
9
11
49041720
3
4
5
7
8
9
11
49056840
3
4
5
7
8
9
11
49071960
3
4
5
7
8
9
11
49087080
3
4
5
7
8
9
11
49102200
3
4
5
7
8
9
11
49117320
3
4
5
7
8
9
11
49132440
3
4
5
7
8
9
11
13
49150080
3
4
5
7
8
9
11
49165200
3
4
5
7
8
9
11
49180320
3
4
5
7
8
9
11
49195440
3
4
5
7
8
9
11
49210560
3
4
5
7
8
9
11
49225680
3
4
5
7
8
9
11
49240800
3
4
5
7
8
9
11
49255920
3
4
5
7
8
9
11
49271040
3
4
5
7
8
9
11
13
49288680
3
4
5
7
8
9
11
49303800
3
4
5
7
8
9
11
49318920
3
4
5
7
8
9
11
49334040
3
4
5
7
8
9
11
49349160
3
4
5
7
8
9
11
49364280
3
4
5
7
8
9
11
49379400
3
4
5
7
8
9
11
49394520
3
4
5
7
8
9
11
49409640
3
4
5
7
8
9
11
13
49427280
3
4
5
7
8
9
11
49442400
3
4
5
7
8
9
11
49457520
3
4
5
7
8
9
11
49472640
3
4
5
7
8
9
11
49487760
3
4
5
7
8
9
11
49502880
3
4
5
7
8
9
11
49518000
3
4
5
7
8
9
11
49533120
3
4
5
7
8
9
11
49548240
3
4
5
7
8
9
11
13
16
17
49570920
3
4
5
7
8
9
11
49586040
3
4
5
7
8
9
11
49601160
3
4
5
7
8
9
11
49616280
3
4
5
7
8
9
11
49631400
3
4
5
7
8
9
11
13
49649040
3
4
5
7
8
9
11
49664160
3
4
5
7
8
9
11
49679280
3
4
5
7
8
9
11
49694400
3
4
5
7
8
9
11
49709520
3
4
5
7
8
9
11
49724640
3
4
5
7
8
9
11
49739760
3
4
5
7
8
9
11
49754880
3
4
5
7
8
9
11
49770000
3
4
5
7
8
9
11
13
49787640
3
4
5
7
8
9
11
49802760
3
4
5
7
8
9
11
49817880
3
4
5
7
8
9
11
49833000
3
4
5
7
8
9
11
49848120
3
4
5
7
8
9
11
49863240
3
4
5
7
8
9
11
49878360
3
4
5
7
8
9
11
49893480
3
4
5
7
8
9
11
49908600
3
4
5
7
8
9
11
13
16
49928760
3
4
5
7
8
9
11
49943880
3
4
5
7
8
9
11
49959000
3
4
5
7
8
9
11
49974120
3
4
5
7
8
9
11
49989240
3
4
5
7
8
9
11
50004360
3
4
5
7
8
9
11
50019480
3
4
5
7
8
9
11
13
50037120
3
4
5
7
8
9
11
50052240
3
4
5
7
8
9
11
50067360
3
4
5
7
8
9
11
50082480
3
4
5
7
8
9
11
50097600
3
4
5
7
8
9
11
50112720
3
4
5
7
8
9
11
50127840
3
4
5
7
8
9
11
50142960
3
4
5
7
8
9
11
50158080
3
4
5
7
8
9
11
13
50175720
3
4
5
7
8
9
11
50190840
3
4
5
7
8
9
11
50205960
3
4
5
7
8
9
11
50221080
3
4
5
7
8
9
11
50236200
3
4
5
7
8
9
11
50251320
3
4
5
7
8
9
11
50266440
3
4
5
7
8
9
11
50281560
3
4
5
7
8
9
11
50296680
3
4
5
7
8
9
11
13
50314320
3
4
5
7
8
9
11
50329440
3
4
5
7
8
9
11
50344560
3
4
5
7
8
9
11
50359680
3
4
5
7
8
9
11
50374800
3
4
5
7
8
9
11
50389920
3
4
5
7
8
9
11
50405040
3
4
5
7
8
9
11
50420160
3
4
5
7
8
9
11
50435280
3
4
5
7
8
9
11
13
50452920
3
4
5
7
8
9
11
50468040
3
4
5
7
8
9
11
50483160
3
4
5
7
8
9
11
50498280
3
4
5
7
8
9
11
50513400
3
4
5
7
8
9
11
50528520
3
4
5
7
8
9
11
50543640
3
4
5
7
8
9
11
50558760
3
4
5
7
8
9
11
50573880
3
4
5
7
8
9
11
13
50591520
3
4
5
7
8
9
11
50606640
3
4
5
7
8
9
11
50621760
3
4
5
7
8
9
11
50636880
3
4
5
7
8
9
11
50652000
3
4
5
7
8
9
11
50667120
3
4
5
7
8
9
11
50682240
3
4
5
7
8
9
11
50697360
3
4
5
7
8
9
11
50712480
3
4
5
7
8
9
11
13
50730120
3
4
5
7
8
9
11
50745240
3
4
5
7
8
9
11
50760360
3
4
5
7
8
9
11
50775480
3
4
5
7
8
9
11
50790600
3
4
5
7
8
9
11
50805720
3
4
5
7
8
9
11
50820840
3
4
5
7
8
9
11
50835960
3
4
5
7
8
9
11
50851080
3
4
5
7
8
9
11
13
50868720
3
4
5
7
8
9
11
50883840
3
4
5
7
8
9
11
50898960
3
4
5
7
8
9
11
50914080
3
4
5
7
8
9
11
50929200
3
4
5
7
8
9
11
50944320
3
4
5
7
8
9
11
50959440
3
4
5
7
8
9
11
50974560
3
4
5
7
8
9
11
50989680
3
4
5
7
8
9
11
13
16
17
51012360
3
4
5
7
8
9
11
51027480
3
4
5
7
8
9
11
51042600
3
4
5
7
8
9
11
51057720
3
4
5
7
8
9
11
51072840
3
4
5
7
8
9
11
13
51090480
3
4
5
7
8
9
11
51105600
3
4
5
7
8
9
11
51120720
3
4
5
7
8
9
11
51135840
3
4
5
7
8
9
11
51150960
3
4
5
7
8
9
11
51166080
3
4
5
7
8
9
11
51181200
3
4
5
7
8
9
11
51196320
3
4
5
7
8
9
11
51211440
3
4
5
7
8
9
11
13
51229080
3
4
5
7
8
9
11
51244200
3
4
5
7
8
9
11
51259320
3
4
5
7
8
9
11
51274440
3
4
5
7
8
9
11
51289560
3
4
5
7
8
9
11
51304680
3
4
5
7
8
9
11
51319800
3
4
5
7
8
9
11
51334920
3
4
5
7
8
9
11
51350040
3
4
5
7
8
9
11
13
16
51370200
3
4
5
7
8
9
11
51385320
3
4
5
7
8
9
11
51400440
3
4
5
7
8
9
11
51415560
3
4
5
7
8
9
11
51430680
3
4
5
7
8
9
11
51445800
3
4
5
7
8
9
11
51460920
3
4
5
7
8
9
11
13
51478560
3
4
5
7
8
9
11
51493680
3
4
5
7
8
9
11
51508800
3
4
5
7
8
9
11
51523920
3
4
5
7
8
9
11
51539040
3
4
5
7
8
9
11
51554160
3
4
5
7
8
9
11
51569280
3
4
5
7
8
9
11
51584400
3
4
5
7
8
9
11
51599520
3
4
5
7
8
9
11
13
51617160
3
4
5
7
8
9
11
51632280
3
4
5
7
8
9
11
51647400
3
4
5
7
8
9
11
51662520
3
4
5
7
8
9
11
51677640
3
4
5
7
8
9
11
51692760
3
4
5
7
8
9
11
51707880
3
4
5
7
8
9
11
51723000
3
4
5
7
8
9
11
51738120
3
4
5
7
8
9
11
13
51755760
3
4
5
7
8
9
11
51770880
3
4
5
7
8
9
11
51786000
3
4
5
7
8
9
11
51801120
3
4
5
7
8
9
11
51816240
3
4
5
7
8
9
11
51831360
3
4
5
7
8
9
11
51846480
3
4
5
7
8
9
11
51861600
3
4
5
7
8
9
11
51876720
3
4
5
7
8
9
11
13
51894360
3
4
5
7
8
9
11
51909480
3
4
5
7
8
9
11
51924600
3
4
5
7
8
9
11
51939720
3
4
5
7
8
9
11
51954840
3
4
5
7
8
9
11
51969960
3
4
5
7
8
9
11
51985080
3
4
5
7
8
9
11
52000200
3
4
5
7
8
9
11
52015320
3
4
5
7
8
9
11
13
52032960
3
4
5
7
8
9
11
52048080
3
4
5
7
8
9
11
52063200
3
4
5
7
8
9
11
52078320
3
4
5
7
8
9
11
52093440
3
4
5
7
8
9
11
52108560
3
4
5
7
8
9
11
52123680
3
4
5
7
8
9
11
52138800
3
4
5
7
8
9
11
52153920
3
4
5
7
8
9
11
13
52171560
3
4
5
7
8
9
11
52186680
3
4
5
7
8
9
11
52201800
3
4
5
7
8
9
11
52216920
3
4
5
7
8
9
11
52232040
3
4
5
7
8
9
11
52247160
3
4
5
7
8
9
11
52262280
3
4
5
7
8
9
11
52277400
3
4
5
7
8
9
11
52292520
3
4
5
7
8
9
11
13
52310160
3
4
5
7
8
9
11
52325280
3
4
5
7
8
9
11
52340400
3
4
5
7
8
9
11
52355520
3
4
5
7
8
9
11
52370640
3
4
5
7
8
9
11
52385760
3
4
5
7
8
9
11
52400880
3
4
5
7
8
9
11
52416000
3
4
5
7
8
9
11
52431120
3
4
5
7
8
9
11
13
16
17
52453800
3
4
5
7
8
9
11
52468920
3
4
5
7
8
9
11
52484040
3
4
5
7
8
9
11
52499160
3
4
5
7
8
9
11
52514280
3
4
5
7
8
9
11
13
52531920
3
4
5
7
8
9
11
52547040
3
4
5
7
8
9
11
52562160
3
4
5
7
8
9
11
52577280
3
4
5
7
8
9
11
52592400
3
4
5
7
8
9
11
52607520
3
4
5
7
8
9
11
52622640
3
4
5
7
8
9
11
52637760
3
4
5
7
8
9
11
52652880
3
4
5
7
8
9
11
13
52670520
3
4
5
7
8
9
11
52685640
3
4
5
7
8
9
11
52700760
3
4
5
7
8
9
11
52715880
3
4
5
7
8
9
11
52731000
3
4
5
7
8
9
11
52746120
3
4
5
7
8
9
11
52761240
3
4
5
7
8
9
11
52776360
3
4
5
7
8
9
11
52791480
3
4
5
7
8
9
11
13
16
52811640
3
4
5
7
8
9
11
52826760
3
4
5
7
8
9
11
52841880
3
4
5
7
8
9
11
52857000
3
4
5
7
8
9
11
52872120
3
4
5
7
8
9
11
52887240
3
4
5
7
8
9
11
52902360
3
4
5
7
8
9
11
13
52920000
3
4
5
7
8
9
11
52935120
3
4
5
7
8
9
11
52950240
3
4
5
7
8
9
11
52965360
3
4
5
7
8
9
11
52980480
3
4
5
7
8
9
11
52995600
3
4
5
7
8
9
11
53010720
3
4
5
7
8
9
11
53025840
3
4
5
7
8
9
11
53040960
3
4
5
7
8
9
11
13
53058600
3
4
5
7
8
9
11
53073720
3
4
5
7
8
9
11
53088840
3
4
5
7
8
9
11
53103960
3
4
5
7
8
9
11
53119080
3
4
5
7
8
9
11
53134200
3
4
5
7
8
9
11
53149320
3
4
5
7
8
9
11
53164440
3
4
5
7
8
9
11
53179560
3
4
5
7
8
9
11
13
53197200
3
4
5
7
8
9
11
53212320
3
4
5
7
8
9
11
53227440
3
4
5
7
8
9
11
53242560
3
4
5
7
8
9
11
53257680
3
4
5
7
8
9
11
53272800
3
4
5
7
8
9
11
53287920
3
4
5
7
8
9
11
53303040
3
4
5
7
8
9
11
53318160
3
4
5
7
8
9
11
13
53335800
3
4
5
7
8
9
11
53350920
3
4
5
7
8
9
11
53366040
3
4
5
7
8
9
11
53381160
3
4
5
7
8
9
11
53396280
3
4
5
7
8
9
11
53411400
3
4
5
7
8
9
11
53426520
3
4
5
7
8
9
11
53441640
3
4
5
7
8
9
11
53456760
3
4
5
7
8
9
11
13
53474400
3
4
5
7
8
9
11
53489520
3
4
5
7
8
9
11
53504640
3
4
5
7
8
9
11
53519760
3
4
5
7
8
9
11
53534880
3
4
5
7
8
9
11
53550000
3
4
5
7
8
9
11
53565120
3
4
5
7
8
9
11
53580240
3
4
5
7
8
9
11
53595360
3
4
5
7
8
9
11
13
53613000
3
4
5
7
8
9
11
53628120
3
4
5
7
8
9
11
53643240
3
4
5
7
8
9
11
53658360
3
4
5
7
8
9
11
53673480
3
4
5
7
8
9
11
53688600
3
4
5
7
8
9
11
53703720
3
4
5
7
8
9
11
53718840
3
4
5
7
8
9
11
53733960
3
4
5
7
8
9
11
13
53751600
3
4
5
7
8
9
11
53766720
3
4
5
7
8
9
11
53781840
3
4
5
7
8
9
11
53796960
3
4
5
7
8
9
11
53812080
3
4
5
7
8
9
11
53827200
3
4
5
7
8
9
11
53842320
3
4
5
7
8
9
11
53857440
3
4
5
7
8
9
11
53872560
3
4
5
7
8
9
11
13
16
17
53895240
3
4
5
7
8
9
11
53910360
3
4
5
7
8
9
11
53925480
3
4
5
7
8
9
11
53940600
3
4
5
7
8
9
11
53955720
3
4
5
7
8
9
11
13
53973360
3
4
5
7
8
9
11
53988480
3
4
5
7
8
9
11
54003600
3
4
5
7
8
9
11
54018720
3
4
5
7
8
9
11
54033840
3
4
5
7
8
9
11
54048960
3
4
5
7
8
9
11
54064080
3
4
5
7
8
9
11
54079200
3
4
5
7
8
9
11
54094320
3
4
5
7
8
9
11
13
54111960
3
4
5
7
8
9
11
54127080
3
4
5
7
8
9
11
54142200
3
4
5
7
8
9
11
54157320
3
4
5
7
8
9
11
54172440
3
4
5
7
8
9
11
54187560
3
4
5
7
8
9
11
54202680
3
4
5
7
8
9
11
54217800
3
4
5
7
8
9
11
54232920
3
4
5
7
8
9
11
13
16
54253080
3
4
5
7
8
9
11
54268200
3
4
5
7
8
9
11
54283320
3
4
5
7
8
9
11
54298440
3
4
5
7
8
9
11
54313560
3
4
5
7
8
9
11
54328680
3
4
5
7
8
9
11
54343800
3
4
5
7
8
9
11
13
54361440
3
4
5
7
8
9
11
54376560
3
4
5
7
8
9
11
54391680
3
4
5
7
8
9
11
54406800
3
4
5
7
8
9
11
54421920
3
4
5
7
8
9
11
54437040
3
4
5
7
8
9
11
54452160
3
4
5
7
8
9
11
54467280
3
4
5
7
8
9
11
54482400
3
4
5
7
8
9
11
13
54500040
3
4
5
7
8
9
11
54515160
3
4
5
7
8
9
11
54530280
3
4
5
7
8
9
11
54545400
3
4
5
7
8
9
11
54560520
3
4
5
7
8
9
11
54575640
3
4
5
7
8
9
11
54590760
3
4
5
7
8
9
11
54605880
3
4
5
7
8
9
11
54621000
3
4
5
7
8
9
11
13
54638640
3
4
5
7
8
9
11
54653760
3
4
5
7
8
9
11
54668880
3
4
5
7
8
9
11
54684000
3
4
5
7
8
9
11
54699120
3
4
5
7
8
9
11
54714240
3
4
5
7
8
9
11
54729360
3
4
5
7
8
9
11
54744480
3
4
5
7
8
9
11
54759600
3
4
5
7
8
9
11
13
54777240
3
4
5
7
8
9
11
54792360
3
4
5
7
8
9
11
54807480
3
4
5
7
8
9
11
54822600
3
4
5
7
8
9
11
54837720
3
4
5
7
8
9
11
54852840
3
4
5
7
8
9
11
54867960
3
4
5
7
8
9
11
54883080
3
4
5
7
8
9
11
54898200
3
4
5
7
8
9
11
13
54915840
3
4
5
7
8
9
11
54930960
3
4
5
7
8
9
11
54946080
3
4
5
7
8
9
11
54961200
3
4
5
7
8
9
11
54976320
3
4
5
7
8
9
11
54991440
3
4
5
7
8
9
11
55006560
3
4
5
7
8
9
11
55021680
3
4
5
7
8
9
11
55036800
3
4
5
7
8
9
11
13
55054440
3
4
5
7
8
9
11
55069560
3
4
5
7
8
9
11
55084680
3
4
5
7
8
9
11
55099800
3
4
5
7
8
9
11
55114920
3
4
5
7
8
9
11
55130040
3
4
5
7
8
9
11
55145160
3
4
5
7
8
9
11
55160280
3
4
5
7
8
9
11
55175400
3
4
5
7
8
9
11
13
55193040
3
4
5
7
8
9
11
55208160
3
4
5
7
8
9
11
55223280
3
4
5
7
8
9
11
55238400
3
4
5
7
8
9
11
55253520
3
4
5
7
8
9
11
55268640
3
4
5
7
8
9
11
55283760
3
4
5
7
8
9
11
55298880
3
4
5
7
8
9
11
55314000
3
4
5
7
8
9
11
13
16
17
55336680
3
4
5
7
8
9
11
55351800
3
4
5
7
8
9
11
55366920
3
4
5
7
8
9
11
55382040
3
4
5
7
8
9
11
55397160
3
4
5
7
8
9
11
13
55414800
3
4
5
7
8
9
11
55429920
3
4
5
7
8
9
11
55445040
3
4
5
7
8
9
11
55460160
3
4
5
7
8
9
11
55475280
3
4
5
7
8
9
11
55490400
3
4
5
7
8
9
11
55505520
3
4
5
7
8
9
11
55520640
3
4
5
7
8
9
11
55535760
3
4
5
7
8
9
11
13
55553400
3
4
5
7
8
9
11
55568520
3
4
5
7
8
9
11
55583640
3
4
5
7
8
9
11
55598760
3
4
5
7
8
9
11
55613880
3
4
5
7
8
9
11
55629000
3
4
5
7
8
9
11
55644120
3
4
5
7
8
9
11
55659240
3
4
5
7
8
9
11
55674360
3
4
5
7
8
9
11
13
16
55694520
3
4
5
7
8
9
11
55709640
3
4
5
7
8
9
11
55724760
3
4
5
7
8
9
11
55739880
3
4
5
7
8
9
11
55755000
3
4
5
7
8
9
11
55770120
3
4
5
7
8
9
11
55785240
3
4
5
7
8
9
11
13
55802880
3
4
5
7
8
9
11
55818000
3
4
5
7
8
9
11
55833120
3
4
5
7
8
9
11
55848240
3
4
5
7
8
9
11
55863360
3
4
5
7
8
9
11
55878480
3
4
5
7
8
9
11
55893600
3
4
5
7
8
9
11
55908720
3
4
5
7
8
9
11
55923840
3
4
5
7
8
9
11
13
55941480
3
4
5
7
8
9
11
55956600
3
4
5
7
8
9
11
55971720
3
4
5
7
8
9
11
55986840
3
4
5
7
8
9
11
56001960
3
4
5
7
8
9
11
56017080
3
4
5
7
8
9
11
56032200
3
4
5
7
8
9
11
56047320
3
4
5
7
8
9
11
56062440
3
4
5
7
8
9
11
13
56080080
3
4
5
7
8
9
11
56095200
3
4
5
7
8
9
11
56110320
3
4
5
7
8
9
11
56125440
3
4
5
7
8
9
11
56140560
3
4
5
7
8
9
11
56155680
3
4
5
7
8
9
11
56170800
3
4
5
7
8
9
11
56185920
3
4
5
7
8
9
11
56201040
3
4
5
7
8
9
11
13
56218680
3
4
5
7
8
9
11
56233800
3
4
5
7
8
9
11
56248920
3
4
5
7
8
9
11
56264040
3
4
5
7
8
9
11
56279160
3
4
5
7
8
9
11
56294280
3
4
5
7
8
9
11
56309400
3
4
5
7
8
9
11
56324520
3
4
5
7
8
9
11
56339640
3
4
5
7
8
9
11
13
56357280
3
4
5
7
8
9
11
56372400
3
4
5
7
8
9
11
56387520
3
4
5
7
8
9
11
56402640
3
4
5
7
8
9
11
56417760
3
4
5
7
8
9
11
56432880
3
4
5
7
8
9
11
56448000
3
4
5
7
8
9
11
56463120
3
4
5
7
8
9
11
56478240
3
4
5
7
8
9
11
13
56495880
3
4
5
7
8
9
11
56511000
3
4
5
7
8
9
11
56526120
3
4
5
7
8
9
11
56541240
3
4
5
7
8
9
11
56556360
3
4
5
7
8
9
11
56571480
3
4
5
7
8
9
11
56586600
3
4
5
7
8
9
11
56601720
3
4
5
7
8
9
11
56616840
3
4
5
7
8
9
11
13
56634480
3
4
5
7
8
9
11
56649600
3
4
5
7
8
9
11
56664720
3
4
5
7
8
9
11
56679840
3
4
5
7
8
9
11
56694960
3
4
5
7
8
9
11
56710080
3
4
5
7
8
9
11
56725200
3
4
5
7
8
9
11
56740320
3
4
5
7
8
9
11
56755440
3
4
5
7
8
9
11
13
16
17
56778120
3
4
5
7
8
9
11
56793240
3
4
5
7
8
9
11
56808360
3
4
5
7
8
9
11
56823480
3
4
5
7
8
9
11
56838600
3
4
5
7
8
9
11
13
56856240
3
4
5
7
8
9
11
56871360
3
4
5
7
8
9
11
56886480
3
4
5
7
8
9
11
56901600
3
4
5
7
8
9
11
56916720
3
4
5
7
8
9
11
56931840
3
4
5
7
8
9
11
56946960
3
4
5
7
8
9
11
56962080
3
4
5
7
8
9
11
56977200
3
4
5
7
8
9
11
13
56994840
3
4
5
7
8
9
11
57009960
3
4
5
7
8
9
11
57025080
3
4
5
7
8
9
11
57040200
3
4
5
7
8
9
11
57055320
3
4
5
7
8
9
11
57070440
3
4
5
7
8
9
11
57085560
3
4
5
7
8
9
11
57100680
3
4
5
7
8
9
11
57115800
3
4
5
7
8
9
11
13
16
57135960
3
4
5
7
8
9
11
57151080
3
4
5
7
8
9
11
57166200
3
4
5
7
8
9
11
57181320
3
4
5
7
8
9
11
57196440
3
4
5
7
8
9
11
57211560
3
4
5
7
8
9
11
57226680
3
4
5
7
8
9
11
13
57244320
3
4
5
7
8
9
11
57259440
3
4
5
7
8
9
11
57274560
3
4
5
7
8
9
11
57289680
3
4
5
7
8
9
11
57304800
3
4
5
7
8
9
11
57319920
3
4
5
7
8
9
11
57335040
3
4
5
7
8
9
11
57350160
3
4
5
7
8
9
11
57365280
3
4
5
7
8
9
11
13
57382920
3
4
5
7
8
9
11
57398040
3
4
5
7
8
9
11
57413160
3
4
5
7
8
9
11
57428280
3
4
5
7
8
9
11
57443400
3
4
5
7
8
9
11
57458520
3
4
5
7
8
9
11
57473640
3
4
5
7
8
9
11
57488760
3
4
5
7
8
9
11
57503880
3
4
5
7
8
9
11
13
57521520
3
4
5
7
8
9
11
57536640
3
4
5
7
8
9
11
57551760
3
4
5
7
8
9
11
57566880
3
4
5
7
8
9
11
57582000
3
4
5
7
8
9
11
57597120
3
4
5
7
8
9
11
57612240
3
4
5
7
8
9
11
57627360
3
4
5
7
8
9
11
57642480
3
4
5
7
8
9
11
13
57660120
3
4
5
7
8
9
11
57675240
3
4
5
7
8
9
11
57690360
3
4
5
7
8
9
11
57705480
3
4
5
7
8
9
11
57720600
3
4
5
7
8
9
11
57735720
3
4
5
7
8
9
11
57750840
3
4
5
7
8
9
11
57765960
3
4
5
7
8
9
11
57781080
3
4
5
7
8
9
11
13
57798720
3
4
5
7
8
9
11
57813840
3
4
5
7
8
9
11
57828960
3
4
5
7
8
9
11
57844080
3
4
5
7
8
9
11
57859200
3
4
5
7
8
9
11
57874320
3
4
5
7
8
9
11
57889440
3
4
5
7
8
9
11
57904560
3
4
5
7
8
9
11
57919680
3
4
5
7
8
9
11
13
57937320
3
4
5
7
8
9
11
57952440
3
4
5
7
8
9
11
57967560
3
4
5
7
8
9
11
57982680
3
4
5
7
8
9
11
57997800
3
4
5
7
8
9
11
58012920
3
4
5
7
8
9
11
58028040
3
4
5
7
8
9
11
58043160
3
4
5
7
8
9
11
58058280
3
4
5
7
8
9
11
13
58075920
3
4
5
7
8
9
11
58091040
3
4
5
7
8
9
11
58106160
3
4
5
7
8
9
11
58121280
3
4
5
7
8
9
11
58136400
3
4
5
7
8
9
11
58151520
3
4
5
7
8
9
11
58166640
3
4
5
7
8
9
11
58181760
3
4
5
7
8
9
11
58196880
3
4
5
7
8
9
11
13
16
17
19
58224600
